Using pre-set license
Built from '2021.2/staging' branch; Version is '2021.2.8f1 (d0e5f0a7b06a) revision 13690352'; Using compiler version '192829333'; Build Type 'Release'
OS: 'Windows 10  (10.0.19044) 64bit Core' Language: 'en' Physical Memory: 16334 MB
BatchMode: 1, IsHumanControllingUs: 0, StartBugReporterOnCrash: 0, Is64bit: 1, IsPro: 0

COMMAND LINE ARGUMENTS:
C:\Program Files\Unity\Hub\Editor\2021.2.8f1\Editor\Unity.exe
-adb2
-batchMode
-noUpm
-name
AssetImportWorker1
-projectPath
C:/HyperCasual/MagnitBoyRunner
-logFile
Logs/AssetImportWorker1.log
-srvPort
50983
Successfully changed project path to: C:/HyperCasual/MagnitBoyRunner
C:/HyperCasual/MagnitBoyRunner
[UnityMemory] Configuration Parameters - Can be set up in boot.config
    "memorysetup-bucket-allocator-granularity=16"
    "memorysetup-bucket-allocator-bucket-count=8"
    "memorysetup-bucket-allocator-block-size=33554432"
    "memorysetup-bucket-allocator-block-count=8"
    "memorysetup-main-allocator-block-size=16777216"
    "memorysetup-thread-allocator-block-size=16777216"
    "memorysetup-gfx-main-allocator-block-size=16777216"
    "memorysetup-gfx-thread-allocator-block-size=16777216"
    "memorysetup-cache-allocator-block-size=4194304"
    "memorysetup-typetree-allocator-block-size=2097152"
    "memorysetup-profiler-bucket-allocator-granularity=16"
    "memorysetup-profiler-bucket-allocator-bucket-count=8"
    "memorysetup-profiler-bucket-allocator-block-size=33554432"
    "memorysetup-profiler-bucket-allocator-block-count=8"
    "memorysetup-profiler-allocator-block-size=16777216"
    "memorysetup-profiler-editor-allocator-block-size=1048576"
    "memorysetup-temp-allocator-size-main=16777216"
    "memorysetup-job-temp-allocator-block-size=2097152"
    "memorysetup-job-temp-allocator-block-size-background=1048576"
    "memorysetup-job-temp-allocator-reduction-small-platforms=262144"
    "memorysetup-temp-allocator-size-background-worker=32768"
    "memorysetup-temp-allocator-size-job-worker=262144"
    "memorysetup-temp-allocator-size-preload-manager=33554432"
    "memorysetup-temp-allocator-size-nav-mesh-worker=65536"
    "memorysetup-temp-allocator-size-audio-worker=65536"
    "memorysetup-temp-allocator-size-cloud-worker=32768"
    "memorysetup-temp-allocator-size-gi-baking-worker=262144"
    "memorysetup-temp-allocator-size-gfx=262144"
Refreshing native plugins compatible for Editor in 160.02 ms, found 4 plugins.
Preloading 0 native plugins for Editor in 0.00 ms.
Initialize engine version: 2021.2.8f1 (d0e5f0a7b06a)
[Subsystems] Discovering subsystems at path C:/Program Files/Unity/Hub/Editor/2021.2.8f1/Editor/Data/Resources/UnitySubsystems
[Subsystems] Discovering subsystems at path C:/HyperCasual/MagnitBoyRunner/Assets
GfxDevice: creating device client; threaded=0; jobified=0
Direct3D:
    Version:  Direct3D 11.0 [level 11.1]
    Renderer: NVIDIA GeForce RTX 3070 (ID=0x2484)
    Vendor:   NVIDIA
    VRAM:     8043 MB
    Driver:   27.21.14.6109
Shader 'MoreMountains/MMRipple': fallback shader 'Particle/AlphaBlended' not found
Initialize mono
Mono path[0] = 'C:/Program Files/Unity/Hub/Editor/2021.2.8f1/Editor/Data/Managed'
Mono path[1] = 'C:/Program Files/Unity/Hub/Editor/2021.2.8f1/Editor/Data/MonoBleedingEdge/lib/mono/unityjit-win32'
Mono config path = 'C:/Program Files/Unity/Hub/Editor/2021.2.8f1/Editor/Data/MonoBleedingEdge/etc'
Using monoOptions --debugger-agent=transport=dt_socket,embedding=1,server=y,suspend=n,address=127.0.0.1:56520
Begin MonoManager ReloadAssembly
Registering precompiled unity dll's ...
Register platform support module: C:/Program Files/Unity/Hub/Editor/2021.2.8f1/Editor/Data/PlaybackEngines/WebGLSupport/UnityEditor.WebGL.Extensions.dll
Register platform support module: C:/Program Files/Unity/Hub/Editor/2021.2.8f1/Editor/Data/PlaybackEngines/WindowsStandaloneSupport/UnityEditor.WindowsStandalone.Extensions.dll
Registered in 0.009041 seconds.
Native extension for WindowsStandalone target not found
Native extension for WebGL target not found
Refreshing native plugins compatible for Editor in 156.24 ms, found 4 plugins.
Preloading 0 native plugins for Editor in 0.00 ms.
Mono: successfully reloaded assembly
- Completed reload, in  0.723 seconds
Domain Reload Profiling:
	ReloadAssembly (724ms)
		BeginReloadAssembly (72ms)
			ExecutionOrderSort (0ms)
			DisableScriptedObjects (0ms)
			BackupInstance (0ms)
			ReleaseScriptingObjects (0ms)
			CreateAndSetChildDomain (1ms)
		EndReloadAssembly (570ms)
			LoadAssemblies (69ms)
			RebuildTransferFunctionScriptingTraits (0ms)
			SetupTypeCache (95ms)
			ReleaseScriptCaches (0ms)
			RebuildScriptCaches (27ms)
			SetupLoadedEditorAssemblies (392ms)
				LogAssemblyErrors (0ms)
				InitializePlatformSupportModulesInManaged (17ms)
				SetLoadedEditorAssemblies (0ms)
				RefreshPlugins (156ms)
				BeforeProcessingInitializeOnLoad (1ms)
				ProcessInitializeOnLoadAttributes (162ms)
				ProcessInitializeOnLoadMethodAttributes (55ms)
				AfterProcessingInitializeOnLoad (0ms)
				EditorAssembliesLoaded (0ms)
			ExecutionOrderSort2 (0ms)
			AwakeInstancesAfterBackupRestoration (0ms)
Platform modules already initialized, skipping
Registering precompiled user dll's ...
Registered in 0.013297 seconds.
Begin MonoManager ReloadAssembly
Symbol file LoadedFromMemory doesn't match image C:\HyperCasual\MagnitBoyRunner\Library\PackageCache\com.unity.visualscripting@1.7.6\Editor\VisualScripting.Core\Dependencies\YamlDotNet\Unity.VisualScripting.YamlDotNet.dll
Symbol file LoadedFromMemory doesn't match image C:\HyperCasual\MagnitBoyRunner\Library\PackageCache\com.unity.visualscripting@1.7.6\Editor\VisualScripting.Core\Dependencies\DotNetZip\Unity.VisualScripting.IonicZip.dll
Native extension for WindowsStandalone target not found
Native extension for WebGL target not found
Refreshing native plugins compatible for Editor in 160.11 ms, found 4 plugins.
Preloading 0 native plugins for Editor in 0.00 ms.
Mono: successfully reloaded assembly
- Completed reload, in  2.142 seconds
Domain Reload Profiling:
	ReloadAssembly (2143ms)
		BeginReloadAssembly (115ms)
			ExecutionOrderSort (0ms)
			DisableScriptedObjects (6ms)
			BackupInstance (0ms)
			ReleaseScriptingObjects (0ms)
			CreateAndSetChildDomain (22ms)
		EndReloadAssembly (1935ms)
			LoadAssemblies (101ms)
			RebuildTransferFunctionScriptingTraits (0ms)
			SetupTypeCache (323ms)
			ReleaseScriptCaches (1ms)
			RebuildScriptCaches (109ms)
			SetupLoadedEditorAssemblies (1355ms)
				LogAssemblyErrors (0ms)
				InitializePlatformSupportModulesInManaged (12ms)
				SetLoadedEditorAssemblies (0ms)
				RefreshPlugins (160ms)
				BeforeProcessingInitializeOnLoad (154ms)
				ProcessInitializeOnLoadAttributes (938ms)
				ProcessInitializeOnLoadMethodAttributes (81ms)
				AfterProcessingInitializeOnLoad (9ms)
				EditorAssembliesLoaded (0ms)
			ExecutionOrderSort2 (0ms)
			AwakeInstancesAfterBackupRestoration (6ms)
Platform modules already initialized, skipping
========================================================================
Worker process is ready to serve import requests
Shader 'MoreMountains/MMRipple': fallback shader 'Particle/AlphaBlended' not found
Launched and connected shader compiler UnityShaderCompiler.exe after 0.05 seconds
Refreshing native plugins compatible for Editor in 1.88 ms, found 4 plugins.
Preloading 0 native plugins for Editor in 0.00 ms.
Unloading 6764 Unused Serialized files (Serialized files now loaded: 0)
Unloading 62 unused Assets / (3.0 MB). Loaded Objects now: 7194.
Memory consumption went from 365.1 MB to 362.1 MB.
Total: 5.509000 ms (FindLiveObjects: 0.731000 ms CreateObjectMapping: 0.195700 ms MarkObjects: 3.468300 ms  DeleteObjects: 1.112100 ms)

AssetImportParameters requested are different than current active one (requested -> active):
  custom:video-decoder-ogg-theora: a1e56fd34408186e4bbccfd4996cb3dc -> 
  custom:container-muxer-webm: aa71ff27fc2769a1b78a27578f13a17b -> 
  custom:container-demuxer-webm: 4f35f7cbe854078d1ac9338744f61a02 -> 
  custom:video-encoder-webm-vp8: eb34c28f22e8b96e1ab97ce403110664 -> 
  custom:audio-encoder-webm-vorbis: bf7c407c2cedff20999df2af8eb42d56 -> 
  custom:framework-win-MediaFoundation: 216162199b28c13a410421893ffa2e32 -> 
  custom:container-demuxer-ogg: 62fdf1f143b41e24485cea50d1cbac27 -> 
  custom:video-decoder-webm-vp8: 9c59270c3fd7afecdb556c50c9e8de78 -> 
  custom:audio-decoder-ogg-vorbis: bf7c407c2cedff20999df2af8eb42d56 -> 
========================================================================
Received Import Request.
  Time since last request: 249303.794920 seconds.
  path: Assets/Materials/Ground_Material.mat
  artifactKey: Guid(577fd94950483194c98a61171a4602cd) Importer(815301076,1909f56bfc062723c751e8b465ee728b)
Start importing Assets/Materials/Ground_Material.mat using Guid(577fd94950483194c98a61171a4602cd) Importer(815301076,1909f56bfc062723c751e8b465ee728b)  -> (artifact id: '1753c1abcbae4c29f0364642f9645abb') in 0.195645 seconds 
========================================================================
Received Import Request.
  Time since last request: 85.852322 seconds.
  path: Assets/3RD_SOFTWARE/BizulkaProduction/Stickman/Prefabs/Stickman_heads_sphere.prefab
  artifactKey: Guid(6b5d591dbb72ac04a80d42bbb710cb7a) Importer(815301076,1909f56bfc062723c751e8b465ee728b)
Start importing Assets/3RD_SOFTWARE/BizulkaProduction/Stickman/Prefabs/Stickman_heads_sphere.prefab using Guid(6b5d591dbb72ac04a80d42bbb710cb7a) Importer(815301076,1909f56bfc062723c751e8b465ee728b)  -> (artifact id: '441c974aa9935cce7e4796d877382a4f') in 0.101945 seconds 
========================================================================
Received Prepare
Registering precompiled user dll's ...
Registered in 0.012883 seconds.
Begin MonoManager ReloadAssembly
Symbol file LoadedFromMemory doesn't match image C:\HyperCasual\MagnitBoyRunner\Library\PackageCache\com.unity.visualscripting@1.7.6\Editor\VisualScripting.Core\Dependencies\YamlDotNet\Unity.VisualScripting.YamlDotNet.dll
Symbol file LoadedFromMemory doesn't match image C:\HyperCasual\MagnitBoyRunner\Library\PackageCache\com.unity.visualscripting@1.7.6\Editor\VisualScripting.Core\Dependencies\DotNetZip\Unity.VisualScripting.IonicZip.dll
Native extension for WindowsStandalone target not found
Native extension for WebGL target not found
Refreshing native plugins compatible for Editor in 1.86 ms, found 4 plugins.
Preloading 0 native plugins for Editor in 0.00 ms.
Mono: successfully reloaded assembly
- Completed reload, in  1.495 seconds
Domain Reload Profiling:
	ReloadAssembly (1495ms)
		BeginReloadAssembly (160ms)
			ExecutionOrderSort (0ms)
			DisableScriptedObjects (6ms)
			BackupInstance (0ms)
			ReleaseScriptingObjects (0ms)
			CreateAndSetChildDomain (52ms)
		EndReloadAssembly (1236ms)
			LoadAssemblies (114ms)
			RebuildTransferFunctionScriptingTraits (0ms)
			SetupTypeCache (343ms)
			ReleaseScriptCaches (3ms)
			RebuildScriptCaches (63ms)
			SetupLoadedEditorAssemblies (671ms)
				LogAssemblyErrors (0ms)
				InitializePlatformSupportModulesInManaged (13ms)
				SetLoadedEditorAssemblies (0ms)
				RefreshPlugins (2ms)
				BeforeProcessingInitializeOnLoad (128ms)
				ProcessInitializeOnLoadAttributes (441ms)
				ProcessInitializeOnLoadMethodAttributes (76ms)
				AfterProcessingInitializeOnLoad (11ms)
				EditorAssembliesLoaded (0ms)
			ExecutionOrderSort2 (0ms)
			AwakeInstancesAfterBackupRestoration (7ms)
Platform modules already initialized, skipping
Shader 'MoreMountains/MMRipple': fallback shader 'Particle/AlphaBlended' not found
Refreshing native plugins compatible for Editor in 2.21 ms, found 4 plugins.
Preloading 0 native plugins for Editor in 0.00 ms.
Unloading 6576 Unused Serialized files (Serialized files now loaded: 0)
Unloading 54 unused Assets / (2.9 MB). Loaded Objects now: 7253.
Memory consumption went from 353.7 MB to 350.8 MB.
Total: 5.289900 ms (FindLiveObjects: 0.813400 ms CreateObjectMapping: 0.182600 ms MarkObjects: 3.242200 ms  DeleteObjects: 1.050000 ms)

AssetImportParameters requested are different than current active one (requested -> active):
  custom:video-decoder-ogg-theora: a1e56fd34408186e4bbccfd4996cb3dc -> 
  custom:container-muxer-webm: aa71ff27fc2769a1b78a27578f13a17b -> 
  custom:container-demuxer-webm: 4f35f7cbe854078d1ac9338744f61a02 -> 
  custom:video-encoder-webm-vp8: eb34c28f22e8b96e1ab97ce403110664 -> 
  custom:audio-encoder-webm-vorbis: bf7c407c2cedff20999df2af8eb42d56 -> 
  custom:framework-win-MediaFoundation: 216162199b28c13a410421893ffa2e32 -> 
  custom:container-demuxer-ogg: 62fdf1f143b41e24485cea50d1cbac27 -> 
  custom:video-decoder-webm-vp8: 9c59270c3fd7afecdb556c50c9e8de78 -> 
  custom:audio-decoder-ogg-vorbis: bf7c407c2cedff20999df2af8eb42d56 -> 
========================================================================
Received Prepare
Registering precompiled user dll's ...
Registered in 0.010605 seconds.
Begin MonoManager ReloadAssembly
Symbol file LoadedFromMemory doesn't match image C:\HyperCasual\MagnitBoyRunner\Library\PackageCache\com.unity.visualscripting@1.7.6\Editor\VisualScripting.Core\Dependencies\YamlDotNet\Unity.VisualScripting.YamlDotNet.dll
Symbol file LoadedFromMemory doesn't match image C:\HyperCasual\MagnitBoyRunner\Library\PackageCache\com.unity.visualscripting@1.7.6\Editor\VisualScripting.Core\Dependencies\DotNetZip\Unity.VisualScripting.IonicZip.dll
Native extension for WindowsStandalone target not found
Native extension for WebGL target not found
Refreshing native plugins compatible for Editor in 2.17 ms, found 4 plugins.
Preloading 0 native plugins for Editor in 0.00 ms.
Mono: successfully reloaded assembly
- Completed reload, in  1.596 seconds
Domain Reload Profiling:
	ReloadAssembly (1597ms)
		BeginReloadAssembly (168ms)
			ExecutionOrderSort (0ms)
			DisableScriptedObjects (6ms)
			BackupInstance (0ms)
			ReleaseScriptingObjects (0ms)
			CreateAndSetChildDomain (51ms)
		EndReloadAssembly (1331ms)
			LoadAssemblies (116ms)
			RebuildTransferFunctionScriptingTraits (0ms)
			SetupTypeCache (362ms)
			ReleaseScriptCaches (2ms)
			RebuildScriptCaches (66ms)
			SetupLoadedEditorAssemblies (745ms)
				LogAssemblyErrors (0ms)
				InitializePlatformSupportModulesInManaged (16ms)
				SetLoadedEditorAssemblies (1ms)
				RefreshPlugins (2ms)
				BeforeProcessingInitializeOnLoad (133ms)
				ProcessInitializeOnLoadAttributes (504ms)
				ProcessInitializeOnLoadMethodAttributes (77ms)
				AfterProcessingInitializeOnLoad (11ms)
				EditorAssembliesLoaded (0ms)
			ExecutionOrderSort2 (0ms)
			AwakeInstancesAfterBackupRestoration (7ms)
Platform modules already initialized, skipping
Shader 'MoreMountains/MMRipple': fallback shader 'Particle/AlphaBlended' not found
Refreshing native plugins compatible for Editor in 3.15 ms, found 4 plugins.
Preloading 0 native plugins for Editor in 0.00 ms.
Unloading 6575 Unused Serialized files (Serialized files now loaded: 0)
Unloading 53 unused Assets / (2.9 MB). Loaded Objects now: 7267.
Memory consumption went from 353.7 MB to 350.7 MB.
Total: 6.454800 ms (FindLiveObjects: 0.729900 ms CreateObjectMapping: 0.183100 ms MarkObjects: 4.271200 ms  DeleteObjects: 1.268400 ms)

AssetImportParameters requested are different than current active one (requested -> active):
  custom:video-decoder-ogg-theora: a1e56fd34408186e4bbccfd4996cb3dc -> 
  custom:container-muxer-webm: aa71ff27fc2769a1b78a27578f13a17b -> 
  custom:container-demuxer-webm: 4f35f7cbe854078d1ac9338744f61a02 -> 
  custom:video-encoder-webm-vp8: eb34c28f22e8b96e1ab97ce403110664 -> 
  custom:audio-encoder-webm-vorbis: bf7c407c2cedff20999df2af8eb42d56 -> 
  custom:framework-win-MediaFoundation: 216162199b28c13a410421893ffa2e32 -> 
  custom:container-demuxer-ogg: 62fdf1f143b41e24485cea50d1cbac27 -> 
  custom:video-decoder-webm-vp8: 9c59270c3fd7afecdb556c50c9e8de78 -> 
  custom:audio-decoder-ogg-vorbis: bf7c407c2cedff20999df2af8eb42d56 -> 
========================================================================
Received Prepare
Registering precompiled user dll's ...
Registered in 0.010440 seconds.
Begin MonoManager ReloadAssembly
Symbol file LoadedFromMemory doesn't match image C:\HyperCasual\MagnitBoyRunner\Library\PackageCache\com.unity.visualscripting@1.7.6\Editor\VisualScripting.Core\Dependencies\YamlDotNet\Unity.VisualScripting.YamlDotNet.dll
Symbol file LoadedFromMemory doesn't match image C:\HyperCasual\MagnitBoyRunner\Library\PackageCache\com.unity.visualscripting@1.7.6\Editor\VisualScripting.Core\Dependencies\DotNetZip\Unity.VisualScripting.IonicZip.dll
Native extension for WindowsStandalone target not found
Native extension for WebGL target not found
Refreshing native plugins compatible for Editor in 2.46 ms, found 4 plugins.
Preloading 0 native plugins for Editor in 0.00 ms.
Mono: successfully reloaded assembly
- Completed reload, in  1.684 seconds
Domain Reload Profiling:
	ReloadAssembly (1685ms)
		BeginReloadAssembly (169ms)
			ExecutionOrderSort (0ms)
			DisableScriptedObjects (6ms)
			BackupInstance (0ms)
			ReleaseScriptingObjects (0ms)
			CreateAndSetChildDomain (53ms)
		EndReloadAssembly (1401ms)
			LoadAssemblies (111ms)
			RebuildTransferFunctionScriptingTraits (0ms)
			SetupTypeCache (374ms)
			ReleaseScriptCaches (3ms)
			RebuildScriptCaches (100ms)
			SetupLoadedEditorAssemblies (748ms)
				LogAssemblyErrors (0ms)
				InitializePlatformSupportModulesInManaged (20ms)
				SetLoadedEditorAssemblies (0ms)
				RefreshPlugins (3ms)
				BeforeProcessingInitializeOnLoad (140ms)
				ProcessInitializeOnLoadAttributes (496ms)
				ProcessInitializeOnLoadMethodAttributes (78ms)
				AfterProcessingInitializeOnLoad (10ms)
				EditorAssembliesLoaded (0ms)
			ExecutionOrderSort2 (0ms)
			AwakeInstancesAfterBackupRestoration (7ms)
Platform modules already initialized, skipping
Shader 'MoreMountains/MMRipple': fallback shader 'Particle/AlphaBlended' not found
Refreshing native plugins compatible for Editor in 2.93 ms, found 4 plugins.
Preloading 0 native plugins for Editor in 0.00 ms.
Unloading 6575 Unused Serialized files (Serialized files now loaded: 0)
Unloading 53 unused Assets / (2.9 MB). Loaded Objects now: 7281.
Memory consumption went from 353.7 MB to 350.8 MB.
Total: 5.732200 ms (FindLiveObjects: 0.720400 ms CreateObjectMapping: 0.188200 ms MarkObjects: 3.578200 ms  DeleteObjects: 1.244200 ms)

AssetImportParameters requested are different than current active one (requested -> active):
  custom:video-decoder-ogg-theora: a1e56fd34408186e4bbccfd4996cb3dc -> 
  custom:container-muxer-webm: aa71ff27fc2769a1b78a27578f13a17b -> 
  custom:container-demuxer-webm: 4f35f7cbe854078d1ac9338744f61a02 -> 
  custom:video-encoder-webm-vp8: eb34c28f22e8b96e1ab97ce403110664 -> 
  custom:audio-encoder-webm-vorbis: bf7c407c2cedff20999df2af8eb42d56 -> 
  custom:framework-win-MediaFoundation: 216162199b28c13a410421893ffa2e32 -> 
  custom:container-demuxer-ogg: 62fdf1f143b41e24485cea50d1cbac27 -> 
  custom:video-decoder-webm-vp8: 9c59270c3fd7afecdb556c50c9e8de78 -> 
  custom:audio-decoder-ogg-vorbis: bf7c407c2cedff20999df2af8eb42d56 -> 
========================================================================
Received Import Request.
  Time since last request: 415.921593 seconds.
  path: Assets/3RD_SOFTWARE/Feel/MMFeedbacks/MMFeedbacksForThirdParty/Cinemachine/MoreMountains.Feedbacks.Cinemachine.asmdef
  artifactKey: Guid(b706090e581a8b14fbf7dd6180a7b978) Importer(815301076,1909f56bfc062723c751e8b465ee728b)
Start importing Assets/3RD_SOFTWARE/Feel/MMFeedbacks/MMFeedbacksForThirdParty/Cinemachine/MoreMountains.Feedbacks.Cinemachine.asmdef using Guid(b706090e581a8b14fbf7dd6180a7b978) Importer(815301076,1909f56bfc062723c751e8b465ee728b)  -> (artifact id: '7d4c554f418f05194048f33e4657d694') in 0.013693 seconds 
========================================================================
Received Import Request.
  Time since last request: 0.005483 seconds.
  path: Assets/3RD_SOFTWARE/Feel/MMTools/ToolsForCinemachine/MoreMountains.Tools.Cinemachine.asmdef
  artifactKey: Guid(aac4aaf030c792149a91527a96cf8927) Importer(815301076,1909f56bfc062723c751e8b465ee728b)
Start importing Assets/3RD_SOFTWARE/Feel/MMTools/ToolsForCinemachine/MoreMountains.Tools.Cinemachine.asmdef using Guid(aac4aaf030c792149a91527a96cf8927) Importer(815301076,1909f56bfc062723c751e8b465ee728b)  -> (artifact id: '1d77a573d25cd02134bcab19be73cc55') in 0.002099 seconds 
========================================================================
Received Import Request.
  Time since last request: 0.000062 seconds.
  path: Assets/3RD_SOFTWARE/TopDownEngine/Common/ScriptsCinemachine/MoreMountains.TopDownEngine.Cinemachine.asmdef
  artifactKey: Guid(ff1ae7c5c64541644b580d25fba20405) Importer(815301076,1909f56bfc062723c751e8b465ee728b)
Start importing Assets/3RD_SOFTWARE/TopDownEngine/Common/ScriptsCinemachine/MoreMountains.TopDownEngine.Cinemachine.asmdef using Guid(ff1ae7c5c64541644b580d25fba20405) Importer(815301076,1909f56bfc062723c751e8b465ee728b)  -> (artifact id: 'b04c32c7aaedd2afa0535c9e5863e1dd') in 0.002240 seconds 
========================================================================
Received Import Request.
  Time since last request: 2.148897 seconds.
  path: Assets/3RD_SOFTWARE/TopDownEngine/Common/Sprites/AchievementIcons.png
  artifactKey: Guid(acc0224da40bd614eaa39fa27daa0b19) Importer(815301076,1909f56bfc062723c751e8b465ee728b)
Start importing Assets/3RD_SOFTWARE/TopDownEngine/Common/Sprites/AchievementIcons.png using Guid(acc0224da40bd614eaa39fa27daa0b19) Importer(815301076,1909f56bfc062723c751e8b465ee728b)  -> (artifact id: '06b757bb6181e63273be925c9da44387') in 0.155028 seconds 
========================================================================
Received Import Request.
  Time since last request: 0.000023 seconds.
  path: Assets/3RD_SOFTWARE/Feel/NiceVibrations/HapticSamples/Impacts/Concrete3.haptic
  artifactKey: Guid(1e25682765ceb44729557afe517a1ea5) Importer(815301076,1909f56bfc062723c751e8b465ee728b)
Start importing Assets/3RD_SOFTWARE/Feel/NiceVibrations/HapticSamples/Impacts/Concrete3.haptic using Guid(1e25682765ceb44729557afe517a1ea5) Importer(815301076,1909f56bfc062723c751e8b465ee728b)  -> (artifact id: 'a17bfe2afc04a66ec35b1a72a7e883b0') in 0.005204 seconds 
========================================================================
Received Import Request.
  Time since last request: 0.000025 seconds.
  path: Assets/3RD_SOFTWARE/Feel/NiceVibrations/HapticSamples/Impacts/Concrete3.wav
  artifactKey: Guid(fb354892068d446f0b7cb0921a5bd47f) Importer(815301076,1909f56bfc062723c751e8b465ee728b)
Start importing Assets/3RD_SOFTWARE/Feel/NiceVibrations/HapticSamples/Impacts/Concrete3.wav using Guid(fb354892068d446f0b7cb0921a5bd47f) Importer(815301076,1909f56bfc062723c751e8b465ee728b)  -> (artifact id: 'b2f77857d19220f3f4db90e0d57a8875') in 0.063747 seconds 
========================================================================
Received Import Request.
  Time since last request: 0.000029 seconds.
  path: Assets/3RD_SOFTWARE/Feel/MMFeedbacks/Demos/SequencingDemo/Textures/Chip03_nrm.png
  artifactKey: Guid(bf448ff228ce0954da475e30e2a79e6e) Importer(815301076,1909f56bfc062723c751e8b465ee728b)
Start importing Assets/3RD_SOFTWARE/Feel/MMFeedbacks/Demos/SequencingDemo/Textures/Chip03_nrm.png using Guid(bf448ff228ce0954da475e30e2a79e6e) Importer(815301076,1909f56bfc062723c751e8b465ee728b)  -> (artifact id: '3456689e8cc14b2312f94007f7c35786') in 0.015549 seconds 
========================================================================
Received Import Request.
  Time since last request: 0.000031 seconds.
  path: Assets/3RD_SOFTWARE/Feel/NiceVibrations/HapticSamples/Objects/Book3.haptic
  artifactKey: Guid(783519285213b4394babdeddfe529ad3) Importer(815301076,1909f56bfc062723c751e8b465ee728b)
Start importing Assets/3RD_SOFTWARE/Feel/NiceVibrations/HapticSamples/Objects/Book3.haptic using Guid(783519285213b4394babdeddfe529ad3) Importer(815301076,1909f56bfc062723c751e8b465ee728b)  -> (artifact id: 'b9da942d696ba1e11a25e6f9ec67c125') in 0.003153 seconds 
========================================================================
Received Import Request.
  Time since last request: 0.000033 seconds.
  path: Assets/3RD_SOFTWARE/Feel/NiceVibrations/HapticSamples/Music/Cymbal3.haptic
  artifactKey: Guid(ad79c8ce46cbd4c72b11a4f29c16b0a6) Importer(815301076,1909f56bfc062723c751e8b465ee728b)
Start importing Assets/3RD_SOFTWARE/Feel/NiceVibrations/HapticSamples/Music/Cymbal3.haptic using Guid(ad79c8ce46cbd4c72b11a4f29c16b0a6) Importer(815301076,1909f56bfc062723c751e8b465ee728b)  -> (artifact id: '7eb328eeace08471fd8be7ed9a7e4c2f') in 0.003281 seconds 
========================================================================
Received Import Request.
  Time since last request: 0.000026 seconds.
  path: Assets/3RD_SOFTWARE/Feel/NiceVibrations/HapticSamples/ApplicationUX/Beep3.haptic
  artifactKey: Guid(25f893504d47c485bae6a0103b6cca25) Importer(815301076,1909f56bfc062723c751e8b465ee728b)
Start importing Assets/3RD_SOFTWARE/Feel/NiceVibrations/HapticSamples/ApplicationUX/Beep3.haptic using Guid(25f893504d47c485bae6a0103b6cca25) Importer(815301076,1909f56bfc062723c751e8b465ee728b)  -> (artifact id: 'b8037b540dcd75216a734865d80db504') in 0.002498 seconds 
========================================================================
Received Import Request.
  Time since last request: 0.000026 seconds.
  path: Assets/3RD_SOFTWARE/Feel/NiceVibrations/HapticSamples/Impacts/Body3.wav
  artifactKey: Guid(4a0a1a518a8614ad7a899dea0919b4ee) Importer(815301076,1909f56bfc062723c751e8b465ee728b)
Start importing Assets/3RD_SOFTWARE/Feel/NiceVibrations/HapticSamples/Impacts/Body3.wav using Guid(4a0a1a518a8614ad7a899dea0919b4ee) Importer(815301076,1909f56bfc062723c751e8b465ee728b)  -> (artifact id: 'b160cbc81c6ce5cb40ed4ca03d0164ad') in 0.010774 seconds 
========================================================================
Received Import Request.
  Time since last request: 0.000030 seconds.
  path: Assets/3RD_SOFTWARE/TopDownEngine/ThirdParty/MoreMountains/InventoryEngine/Demos/PixelRogue/Sprites/Adventurer.png
  artifactKey: Guid(e8e3b7691aa7ca7458f64e04cb4830bf) Importer(815301076,1909f56bfc062723c751e8b465ee728b)
Start importing Assets/3RD_SOFTWARE/TopDownEngine/ThirdParty/MoreMountains/InventoryEngine/Demos/PixelRogue/Sprites/Adventurer.png using Guid(e8e3b7691aa7ca7458f64e04cb4830bf) Importer(815301076,1909f56bfc062723c751e8b465ee728b)  -> (artifact id: '491cae29e825b9df1aecf5e0dd583e54') in 0.073853 seconds 
========================================================================
Received Import Request.
  Time since last request: 0.000024 seconds.
  path: Assets/3RD_SOFTWARE/Feel/NiceVibrations/HapticSamples/ApplicationUX/Button3.haptic
  artifactKey: Guid(5044fe5a338f74885911a85c206ad431) Importer(815301076,1909f56bfc062723c751e8b465ee728b)
Start importing Assets/3RD_SOFTWARE/Feel/NiceVibrations/HapticSamples/ApplicationUX/Button3.haptic using Guid(5044fe5a338f74885911a85c206ad431) Importer(815301076,1909f56bfc062723c751e8b465ee728b)  -> (artifact id: 'b0c9411019e40f219e73afcfdeb3ca0f') in 0.002753 seconds 
========================================================================
Received Import Request.
  Time since last request: 0.000017 seconds.
  path: Assets/3RD_SOFTWARE/TopDownEngine/Demos/Loft3D/Models/Ammo/LoftAmmoCrate.fbx
  artifactKey: Guid(675fea9647b63514ebeec7e6189b36f5) Importer(815301076,1909f56bfc062723c751e8b465ee728b)
Start importing Assets/3RD_SOFTWARE/TopDownEngine/Demos/Loft3D/Models/Ammo/LoftAmmoCrate.fbx using Guid(675fea9647b63514ebeec7e6189b36f5) Importer(815301076,1909f56bfc062723c751e8b465ee728b)  -> (artifact id: '6f6a435cf006a4393e11654114d3e8fa') in 0.245568 seconds 
========================================================================
Received Import Request.
  Time since last request: 0.000030 seconds.
  path: Assets/3RD_SOFTWARE/Feel/NiceVibrations/HapticSamples/Impacts/BulletCrack3.haptic
  artifactKey: Guid(fbeaee1b3802f472c976caffad0088f3) Importer(815301076,1909f56bfc062723c751e8b465ee728b)
Start importing Assets/3RD_SOFTWARE/Feel/NiceVibrations/HapticSamples/Impacts/BulletCrack3.haptic using Guid(fbeaee1b3802f472c976caffad0088f3) Importer(815301076,1909f56bfc062723c751e8b465ee728b)  -> (artifact id: '6bbb2ec4bb428f313430305fb7bade02') in 0.002380 seconds 
========================================================================
Received Import Request.
  Time since last request: 0.000038 seconds.
  path: Assets/3RD_SOFTWARE/TopDownEngine/ThirdParty/MoreMountains/MMInterface/Common/Sounds/BeepLong3.wav
  artifactKey: Guid(5f939c300c2ce60468116844be057d34) Importer(815301076,1909f56bfc062723c751e8b465ee728b)
Start importing Assets/3RD_SOFTWARE/TopDownEngine/ThirdParty/MoreMountains/MMInterface/Common/Sounds/BeepLong3.wav using Guid(5f939c300c2ce60468116844be057d34) Importer(815301076,1909f56bfc062723c751e8b465ee728b)  -> (artifact id: '23d2e81251f1932d5641a080a2ba5d99') in 0.011439 seconds 
========================================================================
Received Import Request.
  Time since last request: 0.000022 seconds.
  path: Assets/3RD_SOFTWARE/TopDownEngine/ThirdParty/MoreMountains/MMInterface/Styles/Mini/Sprites/Avatars.png
  artifactKey: Guid(079f5a8d00f74c84181be0a872b4c39d) Importer(815301076,1909f56bfc062723c751e8b465ee728b)
Start importing Assets/3RD_SOFTWARE/TopDownEngine/ThirdParty/MoreMountains/MMInterface/Styles/Mini/Sprites/Avatars.png using Guid(079f5a8d00f74c84181be0a872b4c39d) Importer(815301076,1909f56bfc062723c751e8b465ee728b)  -> (artifact id: '53eb5418d2b4ebe703cbacec23526218') in 0.037889 seconds 
========================================================================
Received Import Request.
  Time since last request: 0.000028 seconds.
  path: Assets/3RD_SOFTWARE/Feel/NiceVibrations/HapticSamples/Impacts/Body3.haptic
  artifactKey: Guid(bd6813e0694f4443681b563e62721c17) Importer(815301076,1909f56bfc062723c751e8b465ee728b)
Start importing Assets/3RD_SOFTWARE/Feel/NiceVibrations/HapticSamples/Impacts/Body3.haptic using Guid(bd6813e0694f4443681b563e62721c17) Importer(815301076,1909f56bfc062723c751e8b465ee728b)  -> (artifact id: 'de6ecf3c729ff02e336c9898334bbf1a') in 0.002438 seconds 
========================================================================
Received Import Request.
  Time since last request: 0.077823 seconds.
  path: Assets/3RD_SOFTWARE/Feel/MMFeedbacks/Demos/MMFeedbacksDemo/Prefabs/FeedbackDemoMiniSpheresFX.prefab
  artifactKey: Guid(a6426d824ca78984bb7ee0f497de0275) Importer(815301076,1909f56bfc062723c751e8b465ee728b)
Start importing Assets/3RD_SOFTWARE/Feel/MMFeedbacks/Demos/MMFeedbacksDemo/Prefabs/FeedbackDemoMiniSpheresFX.prefab using Guid(a6426d824ca78984bb7ee0f497de0275) Importer(815301076,1909f56bfc062723c751e8b465ee728b)  -> (artifact id: '3a79e5a7f977d69259da33e4e4cb43b3') in 2.963429 seconds 
========================================================================
Received Import Request.
  Time since last request: 0.000037 seconds.
  path: Assets/3RD_SOFTWARE/TopDownEngine/Demos/Minimal3D/Prefabs/PrototypeProps/Textures/Minimal3D_4x1-blue.png
  artifactKey: Guid(18b49463ceac42b47b1dea06858effaf) Importer(815301076,1909f56bfc062723c751e8b465ee728b)
Start importing Assets/3RD_SOFTWARE/TopDownEngine/Demos/Minimal3D/Prefabs/PrototypeProps/Textures/Minimal3D_4x1-blue.png using Guid(18b49463ceac42b47b1dea06858effaf) Importer(815301076,1909f56bfc062723c751e8b465ee728b)  -> (artifact id: 'ba8a6c311414437f2809413749c521b9') in 0.013082 seconds 
========================================================================
Received Import Request.
  Time since last request: 0.000032 seconds.
  path: Assets/3RD_SOFTWARE/TopDownEngine/Demos/Minimal3D/Prefabs/PrototypeProps/Textures/Minimal3D_2x1-blue.png
  artifactKey: Guid(79fc96d8147ff214890b19a18bb2643a) Importer(815301076,1909f56bfc062723c751e8b465ee728b)
Start importing Assets/3RD_SOFTWARE/TopDownEngine/Demos/Minimal3D/Prefabs/PrototypeProps/Textures/Minimal3D_2x1-blue.png using Guid(79fc96d8147ff214890b19a18bb2643a) Importer(815301076,1909f56bfc062723c751e8b465ee728b)  -> (artifact id: '4d921bfb50d1cf5492172cd2924bdd52') in 0.015386 seconds 
========================================================================
Received Import Request.
  Time since last request: 0.000022 seconds.
  path: Assets/3RD_SOFTWARE/TopDownEngine/Demos/Minimal3D/Prefabs/PrototypeProps/Materials/Minimal3D_2x1-blue.mat
  artifactKey: Guid(85f407993e7076f46b2697bb82ee121e) Importer(815301076,1909f56bfc062723c751e8b465ee728b)
Start importing Assets/3RD_SOFTWARE/TopDownEngine/Demos/Minimal3D/Prefabs/PrototypeProps/Materials/Minimal3D_2x1-blue.mat using Guid(85f407993e7076f46b2697bb82ee121e) Importer(815301076,1909f56bfc062723c751e8b465ee728b)  -> (artifact id: '858fe9093a82507b1266997feb8bbe4b') in 0.218241 seconds 
========================================================================
Received Import Request.
  Time since last request: 0.000033 seconds.
  path: Assets/3RD_SOFTWARE/TopDownEngine/Demos/Minimal3D/Prefabs/PrototypeProps/Prefabs/PlatformsOrange/Minimal3D_1x1 Orange.prefab
  artifactKey: Guid(54741be6e89f1bb43a128e5ba719590d) Importer(815301076,1909f56bfc062723c751e8b465ee728b)
Start importing Assets/3RD_SOFTWARE/TopDownEngine/Demos/Minimal3D/Prefabs/PrototypeProps/Prefabs/PlatformsOrange/Minimal3D_1x1 Orange.prefab using Guid(54741be6e89f1bb43a128e5ba719590d) Importer(815301076,1909f56bfc062723c751e8b465ee728b)  -> (artifact id: '50ecab789b5b23840b24bc3f38c9c513') in 0.016248 seconds 
========================================================================
Received Import Request.
  Time since last request: 0.000032 seconds.
  path: Assets/3RD_SOFTWARE/TopDownEngine/Demos/Minimal3D/Prefabs/PrototypeProps/Materials/Minimal3D_defaultMat.mat
  artifactKey: Guid(56ff4dd7bdc99ee4cac4c53c4c96a373) Importer(815301076,1909f56bfc062723c751e8b465ee728b)
Start importing Assets/3RD_SOFTWARE/TopDownEngine/Demos/Minimal3D/Prefabs/PrototypeProps/Materials/Minimal3D_defaultMat.mat using Guid(56ff4dd7bdc99ee4cac4c53c4c96a373) Importer(815301076,1909f56bfc062723c751e8b465ee728b)  -> (artifact id: '7f50058b3ca36e7ea09cc24eb58dc2ce') in 0.024483 seconds 
========================================================================
Received Import Request.
  Time since last request: 0.000018 seconds.
  path: Assets/3RD_SOFTWARE/TopDownEngine/Demos/Minimal3D/Prefabs/PrototypeProps/Textures/Minimal3D_2x1-yellow.png
  artifactKey: Guid(e0e3e5c158fd2be488132ff09bedca44) Importer(815301076,1909f56bfc062723c751e8b465ee728b)
Start importing Assets/3RD_SOFTWARE/TopDownEngine/Demos/Minimal3D/Prefabs/PrototypeProps/Textures/Minimal3D_2x1-yellow.png using Guid(e0e3e5c158fd2be488132ff09bedca44) Importer(815301076,1909f56bfc062723c751e8b465ee728b)  -> (artifact id: 'a0f29f92c01fcd1a6d276c14ec154763') in 0.014837 seconds 
========================================================================
Received Import Request.
  Time since last request: 0.000037 seconds.
  path: Assets/3RD_SOFTWARE/TopDownEngine/Demos/Minimal3D/Prefabs/PrototypeProps/Prefabs/PlatformsOrange/Minimal3D_4x1 Orange Thin.prefab
  artifactKey: Guid(eb8da86a580ca76489a03038ccb8b626) Importer(815301076,1909f56bfc062723c751e8b465ee728b)
Start importing Assets/3RD_SOFTWARE/TopDownEngine/Demos/Minimal3D/Prefabs/PrototypeProps/Prefabs/PlatformsOrange/Minimal3D_4x1 Orange Thin.prefab using Guid(eb8da86a580ca76489a03038ccb8b626) Importer(815301076,1909f56bfc062723c751e8b465ee728b)  -> (artifact id: '5c6474d07563f1190630b27e4030b232') in 0.017454 seconds 
========================================================================
Received Import Request.
  Time since last request: 0.000027 seconds.
  path: Assets/3RD_SOFTWARE/TopDownEngine/Demos/Minimal3D/Prefabs/PrototypeProps/Materials/Minimal3D_point5xpoint5Grey.mat
  artifactKey: Guid(45290f1ea6039db448715d5fa29f2101) Importer(815301076,1909f56bfc062723c751e8b465ee728b)
Start importing Assets/3RD_SOFTWARE/TopDownEngine/Demos/Minimal3D/Prefabs/PrototypeProps/Materials/Minimal3D_point5xpoint5Grey.mat using Guid(45290f1ea6039db448715d5fa29f2101) Importer(815301076,1909f56bfc062723c751e8b465ee728b)  -> (artifact id: '1d7c6cf1392d86cae252c2cb915bfb42') in 0.018004 seconds 
========================================================================
Received Import Request.
  Time since last request: 0.000023 seconds.
  path: Assets/3RD_SOFTWARE/TopDownEngine/Demos/Minimal3D/Prefabs/PrototypeProps/Materials/Minimal3D_2x2-grey.mat
  artifactKey: Guid(bc99a028cdd0c3a43b448697f7301bb1) Importer(815301076,1909f56bfc062723c751e8b465ee728b)
Start importing Assets/3RD_SOFTWARE/TopDownEngine/Demos/Minimal3D/Prefabs/PrototypeProps/Materials/Minimal3D_2x2-grey.mat using Guid(bc99a028cdd0c3a43b448697f7301bb1) Importer(815301076,1909f56bfc062723c751e8b465ee728b)  -> (artifact id: 'e02b79e1d951d816feb73190090e8144') in 0.018423 seconds 
========================================================================
Received Import Request.
  Time since last request: 0.000023 seconds.
  path: Assets/3RD_SOFTWARE/TopDownEngine/Demos/Minimal3D/Prefabs/PrototypeProps/Prefabs/PlatformsGreen/Minimal3D_4x1 Green Thin.prefab
  artifactKey: Guid(b556256c07eeb1f428be552269fa0025) Importer(815301076,1909f56bfc062723c751e8b465ee728b)
Start importing Assets/3RD_SOFTWARE/TopDownEngine/Demos/Minimal3D/Prefabs/PrototypeProps/Prefabs/PlatformsGreen/Minimal3D_4x1 Green Thin.prefab using Guid(b556256c07eeb1f428be552269fa0025) Importer(815301076,1909f56bfc062723c751e8b465ee728b)  -> (artifact id: '81e36c480eda4b6f4e823587c9b2ae8b') in 0.024625 seconds 
========================================================================
Received Import Request.
  Time since last request: 0.000032 seconds.
  path: Assets/3RD_SOFTWARE/TopDownEngine/Demos/Minimal3D/Prefabs/PrototypeProps/Materials/Minimal3D_2x1-yellow.mat
  artifactKey: Guid(012b17fa5ad56cc469113972394c5c65) Importer(815301076,1909f56bfc062723c751e8b465ee728b)
Start importing Assets/3RD_SOFTWARE/TopDownEngine/Demos/Minimal3D/Prefabs/PrototypeProps/Materials/Minimal3D_2x1-yellow.mat using Guid(012b17fa5ad56cc469113972394c5c65) Importer(815301076,1909f56bfc062723c751e8b465ee728b)  -> (artifact id: 'e79f53e4377b95c26effe11afe9e49a7') in 0.016719 seconds 
========================================================================
Received Import Request.
  Time since last request: 0.000044 seconds.
  path: Assets/3RD_SOFTWARE/TopDownEngine/Demos/Minimal3D/Prefabs/PrototypeProps/Prefabs/PlatformsOrange/Minimal3D_2x1 Orange.prefab
  artifactKey: Guid(5d3c1ce2f6b2450489dce72f431aa1ba) Importer(815301076,1909f56bfc062723c751e8b465ee728b)
Start importing Assets/3RD_SOFTWARE/TopDownEngine/Demos/Minimal3D/Prefabs/PrototypeProps/Prefabs/PlatformsOrange/Minimal3D_2x1 Orange.prefab using Guid(5d3c1ce2f6b2450489dce72f431aa1ba) Importer(815301076,1909f56bfc062723c751e8b465ee728b)  -> (artifact id: '3eee1e330c9b6cabb402df497d6da0c8') in 0.012989 seconds 
========================================================================
Received Import Request.
  Time since last request: 0.000032 seconds.
  path: Assets/3RD_SOFTWARE/TopDownEngine/Demos/Minimal3D/Prefabs/PrototypeProps/Textures/Minimal3D_1x1-orange.png
  artifactKey: Guid(2934bd9b3e91d094793bdddfd585a156) Importer(815301076,1909f56bfc062723c751e8b465ee728b)
Start importing Assets/3RD_SOFTWARE/TopDownEngine/Demos/Minimal3D/Prefabs/PrototypeProps/Textures/Minimal3D_1x1-orange.png using Guid(2934bd9b3e91d094793bdddfd585a156) Importer(815301076,1909f56bfc062723c751e8b465ee728b)  -> (artifact id: 'd478a5ab87b5b8329cd543d5a0edb943') in 0.013436 seconds 
========================================================================
Received Import Request.
  Time since last request: 0.000022 seconds.
  path: Assets/3RD_SOFTWARE/TopDownEngine/Demos/Minimal3D/Prefabs/PrototypeProps/Prefabs/PlatformsYellow/Minimal3D_2x1 Yellow.prefab
  artifactKey: Guid(40dccfe915d6ba646a4d60c6d79cec18) Importer(815301076,1909f56bfc062723c751e8b465ee728b)
Start importing Assets/3RD_SOFTWARE/TopDownEngine/Demos/Minimal3D/Prefabs/PrototypeProps/Prefabs/PlatformsYellow/Minimal3D_2x1 Yellow.prefab using Guid(40dccfe915d6ba646a4d60c6d79cec18) Importer(815301076,1909f56bfc062723c751e8b465ee728b)  -> (artifact id: 'd3d8dc1edb3adaff47ae16519c2b8ba6') in 0.016374 seconds 
========================================================================
Received Import Request.
  Time since last request: 0.000033 seconds.
  path: Assets/3RD_SOFTWARE/TopDownEngine/Demos/Minimal3D/Prefabs/PrototypeProps/Prefabs/PlatformsGreen/Minimal3D_2x1 Green.prefab
  artifactKey: Guid(2e6d1feccaf73694caff6fa0e4f53e2b) Importer(815301076,1909f56bfc062723c751e8b465ee728b)
Start importing Assets/3RD_SOFTWARE/TopDownEngine/Demos/Minimal3D/Prefabs/PrototypeProps/Prefabs/PlatformsGreen/Minimal3D_2x1 Green.prefab using Guid(2e6d1feccaf73694caff6fa0e4f53e2b) Importer(815301076,1909f56bfc062723c751e8b465ee728b)  -> (artifact id: 'f9b4ec14bf734a4f2ea4d8377670c949') in 0.016149 seconds 
========================================================================
Received Import Request.
  Time since last request: 0.000028 seconds.
  path: Assets/3RD_SOFTWARE/TopDownEngine/Demos/Minimal3D/Prefabs/PrototypeProps/Textures/Minimal3D_moving-yellow.png
  artifactKey: Guid(ae0e6b0d525f0fe44bb0ec406fe3269b) Importer(815301076,1909f56bfc062723c751e8b465ee728b)
Start importing Assets/3RD_SOFTWARE/TopDownEngine/Demos/Minimal3D/Prefabs/PrototypeProps/Textures/Minimal3D_moving-yellow.png using Guid(ae0e6b0d525f0fe44bb0ec406fe3269b) Importer(815301076,1909f56bfc062723c751e8b465ee728b)  -> (artifact id: '6b63a8f544f9b355022a6149e8eb9422') in 0.074181 seconds 
========================================================================
Received Import Request.
  Time since last request: 0.000029 seconds.
  path: Assets/3RD_SOFTWARE/TopDownEngine/Demos/Minimal3D/Prefabs/PrototypeProps/Textures/Minimal3D_falling-yellow.png
  artifactKey: Guid(9e4cb5d3a60a00441b05f465b34821f5) Importer(815301076,1909f56bfc062723c751e8b465ee728b)
Start importing Assets/3RD_SOFTWARE/TopDownEngine/Demos/Minimal3D/Prefabs/PrototypeProps/Textures/Minimal3D_falling-yellow.png using Guid(9e4cb5d3a60a00441b05f465b34821f5) Importer(815301076,1909f56bfc062723c751e8b465ee728b)  -> (artifact id: 'ff0398afe1da69387efe800d22d59d9a') in 0.073480 seconds 
========================================================================
Received Import Request.
  Time since last request: 0.000034 seconds.
  path: Assets/3RD_SOFTWARE/TopDownEngine/Demos/Minimal3D/Prefabs/PrototypeProps/Prefabs/PlatformsYellow/Minimal3D_1x1 Yellow.prefab
  artifactKey: Guid(77bdd466f87c67f4cb0c41f792e4521b) Importer(815301076,1909f56bfc062723c751e8b465ee728b)
Start importing Assets/3RD_SOFTWARE/TopDownEngine/Demos/Minimal3D/Prefabs/PrototypeProps/Prefabs/PlatformsYellow/Minimal3D_1x1 Yellow.prefab using Guid(77bdd466f87c67f4cb0c41f792e4521b) Importer(815301076,1909f56bfc062723c751e8b465ee728b)  -> (artifact id: 'f33f5f067a8c52a109647a2b1861fd28') in 0.014735 seconds 
========================================================================
Received Import Request.
  Time since last request: 0.000018 seconds.
  path: Assets/3RD_SOFTWARE/TopDownEngine/Demos/Minimal3D/Prefabs/PrototypeProps/Prefabs/PlatformsYellow/Minimal3D_4x1 Yellow.prefab
  artifactKey: Guid(13f7a2e2a04268d4f8cee777011fef35) Importer(815301076,1909f56bfc062723c751e8b465ee728b)
Start importing Assets/3RD_SOFTWARE/TopDownEngine/Demos/Minimal3D/Prefabs/PrototypeProps/Prefabs/PlatformsYellow/Minimal3D_4x1 Yellow.prefab using Guid(13f7a2e2a04268d4f8cee777011fef35) Importer(815301076,1909f56bfc062723c751e8b465ee728b)  -> (artifact id: 'cc37e845391d11a17d27a4505f90d879') in 0.020108 seconds 
========================================================================
Received Import Request.
  Time since last request: 0.000022 seconds.
  path: Assets/3RD_SOFTWARE/TopDownEngine/Demos/Minimal3D/Prefabs/PrototypeProps/Materials/Minimal3D_fallingYellow.mat
  artifactKey: Guid(d42efd1925b4b3c41b2e46b46116d174) Importer(815301076,1909f56bfc062723c751e8b465ee728b)
Start importing Assets/3RD_SOFTWARE/TopDownEngine/Demos/Minimal3D/Prefabs/PrototypeProps/Materials/Minimal3D_fallingYellow.mat using Guid(d42efd1925b4b3c41b2e46b46116d174) Importer(815301076,1909f56bfc062723c751e8b465ee728b)  -> (artifact id: '64e8c39ea2b901ca831082bc33d9c0dc') in 0.013915 seconds 
========================================================================
Received Import Request.
  Time since last request: 0.000025 seconds.
  path: Assets/3RD_SOFTWARE/TopDownEngine/Demos/Minimal3D/Prefabs/PrototypeProps/Materials/Minimal3D_1x1Blue 1.mat
  artifactKey: Guid(875a5c1d6bc6a904aa71acdf88907bc4) Importer(815301076,1909f56bfc062723c751e8b465ee728b)
Start importing Assets/3RD_SOFTWARE/TopDownEngine/Demos/Minimal3D/Prefabs/PrototypeProps/Materials/Minimal3D_1x1Blue 1.mat using Guid(875a5c1d6bc6a904aa71acdf88907bc4) Importer(815301076,1909f56bfc062723c751e8b465ee728b)  -> (artifact id: 'b07c172850963043fb5795f6ba52d255') in 0.012670 seconds 
========================================================================
Received Import Request.
  Time since last request: 0.000022 seconds.
  path: Assets/3RD_SOFTWARE/TopDownEngine/Demos/Minimal3D/Prefabs/PrototypeProps/Materials/Minimal3D_2x1Grey 1.mat
  artifactKey: Guid(34bf81462dad67b418a22a93dd740d4a) Importer(815301076,1909f56bfc062723c751e8b465ee728b)
Start importing Assets/3RD_SOFTWARE/TopDownEngine/Demos/Minimal3D/Prefabs/PrototypeProps/Materials/Minimal3D_2x1Grey 1.mat using Guid(34bf81462dad67b418a22a93dd740d4a) Importer(815301076,1909f56bfc062723c751e8b465ee728b)  -> (artifact id: '21993ed3dc9b874a3ec90c067bc0c46a') in 0.011945 seconds 
========================================================================
Received Import Request.
  Time since last request: 0.455917 seconds.
  path: Assets/3RD_SOFTWARE/TopDownEngine/Demos/Minimal3D/Prefabs/PrototypeProps/Prefabs/Props/Minimal3D_PushablePlatform.prefab
  artifactKey: Guid(aceb9b44874201243a9e1607d29fc175) Importer(815301076,1909f56bfc062723c751e8b465ee728b)
Start importing Assets/3RD_SOFTWARE/TopDownEngine/Demos/Minimal3D/Prefabs/PrototypeProps/Prefabs/Props/Minimal3D_PushablePlatform.prefab using Guid(aceb9b44874201243a9e1607d29fc175) Importer(815301076,1909f56bfc062723c751e8b465ee728b)  -> (artifact id: 'c096a478f05fa191aa943ca7d0d8e476') in 0.013656 seconds 
========================================================================
Received Import Request.
  Time since last request: 0.000026 seconds.
  path: Assets/3RD_SOFTWARE/TopDownEngine/Demos/Minimal3D/Prefabs/Props/Minimal3DSignPost3D.prefab
  artifactKey: Guid(242af4d12a7b75b4bbb0f5d9b8207580) Importer(815301076,1909f56bfc062723c751e8b465ee728b)
Start importing Assets/3RD_SOFTWARE/TopDownEngine/Demos/Minimal3D/Prefabs/Props/Minimal3DSignPost3D.prefab using Guid(242af4d12a7b75b4bbb0f5d9b8207580) Importer(815301076,1909f56bfc062723c751e8b465ee728b)  -> (artifact id: '34dc1d113bfad8cffb45c9370ad35436') in 0.016107 seconds 
========================================================================
Received Import Request.
  Time since last request: 0.000032 seconds.
  path: Assets/3RD_SOFTWARE/TopDownEngine/Demos/Minimal3D/Prefabs/Props/Minimal3DCoin.prefab
  artifactKey: Guid(dd735c9a220c5e94195000fa0c1a1719) Importer(815301076,1909f56bfc062723c751e8b465ee728b)
Start importing Assets/3RD_SOFTWARE/TopDownEngine/Demos/Minimal3D/Prefabs/Props/Minimal3DCoin.prefab using Guid(dd735c9a220c5e94195000fa0c1a1719) Importer(815301076,1909f56bfc062723c751e8b465ee728b)  -> (artifact id: '0f33b671e124cdb74f8107703f55c806') in 0.021323 seconds 
========================================================================
Received Import Request.
  Time since last request: 0.000037 seconds.
  path: Assets/3RD_SOFTWARE/TopDownEngine/Demos/Minimal3D/Prefabs/Camera/Minimal3DCameras --------------------------------------------------------.prefab
  artifactKey: Guid(9edcf7e494cf3e640b18cb7495fb179a) Importer(815301076,1909f56bfc062723c751e8b465ee728b)
Start importing Assets/3RD_SOFTWARE/TopDownEngine/Demos/Minimal3D/Prefabs/Camera/Minimal3DCameras --------------------------------------------------------.prefab using Guid(9edcf7e494cf3e640b18cb7495fb179a) Importer(815301076,1909f56bfc062723c751e8b465ee728b)  -> (artifact id: 'dd0558722c3edbb6e40fcb6315edd74b') in 0.080033 seconds 
========================================================================
Received Import Request.
  Time since last request: 0.000034 seconds.
  path: Assets/3RD_SOFTWARE/TopDownEngine/Demos/Minimal3D/Prefabs/Props/Minimal3DTeleporterOrange.prefab
  artifactKey: Guid(1a17e961b3f40734bac3ee5dff0918c5) Importer(815301076,1909f56bfc062723c751e8b465ee728b)
Start importing Assets/3RD_SOFTWARE/TopDownEngine/Demos/Minimal3D/Prefabs/Props/Minimal3DTeleporterOrange.prefab using Guid(1a17e961b3f40734bac3ee5dff0918c5) Importer(815301076,1909f56bfc062723c751e8b465ee728b)  -> (artifact id: '9e68628c3535cd0862c0016128d628e8') in 0.018442 seconds 
========================================================================
Received Import Request.
  Time since last request: 0.000026 seconds.
  path: Assets/3RD_SOFTWARE/TopDownEngine/Demos/Minimal3D/Models/MinimalDude.mat
  artifactKey: Guid(4867b37d732339b4e9b65b7cea92fa77) Importer(815301076,1909f56bfc062723c751e8b465ee728b)
Start importing Assets/3RD_SOFTWARE/TopDownEngine/Demos/Minimal3D/Models/MinimalDude.mat using Guid(4867b37d732339b4e9b65b7cea92fa77) Importer(815301076,1909f56bfc062723c751e8b465ee728b)  -> (artifact id: '9f788616663c8994e9702b0f7e75b524') in 0.011617 seconds 
========================================================================
Received Import Request.
  Time since last request: 0.000030 seconds.
  path: Assets/3RD_SOFTWARE/TopDownEngine/Demos/Minimal3D/Prefabs/PrototypeProps/Materials/Minimal3D_water3D.mat
  artifactKey: Guid(5e68d424a9deb4040a109daf6d7a6520) Importer(815301076,1909f56bfc062723c751e8b465ee728b)
Start importing Assets/3RD_SOFTWARE/TopDownEngine/Demos/Minimal3D/Prefabs/PrototypeProps/Materials/Minimal3D_water3D.mat using Guid(5e68d424a9deb4040a109daf6d7a6520) Importer(815301076,1909f56bfc062723c751e8b465ee728b)  -> (artifact id: 'de3fb67bcc517a14e929952a9c98fc33') in 0.267734 seconds 
========================================================================
Received Import Request.
  Time since last request: 0.000035 seconds.
  path: Assets/3RD_SOFTWARE/TopDownEngine/Demos/Minimal2D/Prefabs/MinimalGround.prefab
  artifactKey: Guid(581ea2e7a3383fa4eac2d162354979b5) Importer(815301076,1909f56bfc062723c751e8b465ee728b)
Start importing Assets/3RD_SOFTWARE/TopDownEngine/Demos/Minimal2D/Prefabs/MinimalGround.prefab using Guid(581ea2e7a3383fa4eac2d162354979b5) Importer(815301076,1909f56bfc062723c751e8b465ee728b)  -> (artifact id: '714398d1ba698496dc6b086595ea7ee6') in 0.038779 seconds 
========================================================================
Received Import Request.
  Time since last request: 0.000039 seconds.
  path: Assets/3RD_SOFTWARE/TopDownEngine/Demos/Minimal2D/Sprites/Props/Materials/MinimalShootingRangeTarget.mat
  artifactKey: Guid(ea3b99ba788b34546b18021cefd70b62) Importer(815301076,1909f56bfc062723c751e8b465ee728b)
Start importing Assets/3RD_SOFTWARE/TopDownEngine/Demos/Minimal2D/Sprites/Props/Materials/MinimalShootingRangeTarget.mat using Guid(ea3b99ba788b34546b18021cefd70b62) Importer(815301076,1909f56bfc062723c751e8b465ee728b)  -> (artifact id: 'a708f8288257097885bb5bf71a1fb89f') in 0.033945 seconds 
========================================================================
Received Import Request.
  Time since last request: 0.000038 seconds.
  path: Assets/3RD_SOFTWARE/TopDownEngine/Demos/Minimal3D/Models/MinimalDude.fbx
  artifactKey: Guid(5de4a37320be3e348aebe2c58a1fbd8d) Importer(815301076,1909f56bfc062723c751e8b465ee728b)
Start importing Assets/3RD_SOFTWARE/TopDownEngine/Demos/Minimal3D/Models/MinimalDude.fbx using Guid(5de4a37320be3e348aebe2c58a1fbd8d) Importer(815301076,1909f56bfc062723c751e8b465ee728b)  -> (artifact id: '71c85e0229ea15ad07eb7cebd8afc69e') in 0.028708 seconds 
========================================================================
Received Import Request.
  Time since last request: 0.000026 seconds.
  path: Assets/3RD_SOFTWARE/TopDownEngine/Common/ScriptsInputSystem/Prefabs/Minimal3DCameras - InputSystem --------------------------------------------------------.prefab
  artifactKey: Guid(9d49be51e768bf34883e9a75d89ed0fc) Importer(815301076,1909f56bfc062723c751e8b465ee728b)
Start importing Assets/3RD_SOFTWARE/TopDownEngine/Common/ScriptsInputSystem/Prefabs/Minimal3DCameras - InputSystem --------------------------------------------------------.prefab using Guid(9d49be51e768bf34883e9a75d89ed0fc) Importer(815301076,1909f56bfc062723c751e8b465ee728b)  -> (artifact id: 'c35365bae2b1b475f8feb6f772133f01') in 0.046417 seconds 
========================================================================
Received Import Request.
  Time since last request: 0.000032 seconds.
  path: Assets/3RD_SOFTWARE/TopDownEngine/Demos/Minimal2D/Prefabs/Walls/MinimalWall2D7.prefab
  artifactKey: Guid(3c8fe42959fb089489aa4a901c45ba44) Importer(815301076,1909f56bfc062723c751e8b465ee728b)
Start importing Assets/3RD_SOFTWARE/TopDownEngine/Demos/Minimal2D/Prefabs/Walls/MinimalWall2D7.prefab using Guid(3c8fe42959fb089489aa4a901c45ba44) Importer(815301076,1909f56bfc062723c751e8b465ee728b)  -> (artifact id: '1686db9158ca4b02092469339cb3171b') in 0.014268 seconds 
========================================================================
Received Import Request.
  Time since last request: 0.000038 seconds.
  path: Assets/3RD_SOFTWARE/TopDownEngine/Demos/Minimal2D/Prefabs/Walls/MinimalWall2D15.prefab
  artifactKey: Guid(aa92d21cdfe202945af3a23bc45af0ea) Importer(815301076,1909f56bfc062723c751e8b465ee728b)
Start importing Assets/3RD_SOFTWARE/TopDownEngine/Demos/Minimal2D/Prefabs/Walls/MinimalWall2D15.prefab using Guid(aa92d21cdfe202945af3a23bc45af0ea) Importer(815301076,1909f56bfc062723c751e8b465ee728b)  -> (artifact id: 'b355f5f42fa5538e007216bf076929cf') in 0.037598 seconds 
========================================================================
Received Import Request.
  Time since last request: 0.000024 seconds.
  path: Assets/3RD_SOFTWARE/TopDownEngine/Demos/Minimal2D/Prefabs/Walls/MinimalWall2D22.prefab
  artifactKey: Guid(9e658aca5531423478efa188063f7670) Importer(815301076,1909f56bfc062723c751e8b465ee728b)
Start importing Assets/3RD_SOFTWARE/TopDownEngine/Demos/Minimal2D/Prefabs/Walls/MinimalWall2D22.prefab using Guid(9e658aca5531423478efa188063f7670) Importer(815301076,1909f56bfc062723c751e8b465ee728b)  -> (artifact id: '0c39ea95330bf65f51f39cfc9954491a') in 0.016241 seconds 
========================================================================
Received Import Request.
  Time since last request: 0.000043 seconds.
  path: Assets/3RD_SOFTWARE/TopDownEngine/Demos/Minimal2D/Prefabs/Walls/MinimalWall2D4.prefab
  artifactKey: Guid(0e5a4a66c30beda4fb185ed49a6b84e8) Importer(815301076,1909f56bfc062723c751e8b465ee728b)
Start importing Assets/3RD_SOFTWARE/TopDownEngine/Demos/Minimal2D/Prefabs/Walls/MinimalWall2D4.prefab using Guid(0e5a4a66c30beda4fb185ed49a6b84e8) Importer(815301076,1909f56bfc062723c751e8b465ee728b)  -> (artifact id: 'e994b0a31b979af048df7edf72fec44f') in 0.018023 seconds 
========================================================================
Received Import Request.
  Time since last request: 0.000035 seconds.
  path: Assets/3RD_SOFTWARE/TopDownEngine/Demos/Minimal2D/Prefabs/Walls/MinimalWall2D8.prefab
  artifactKey: Guid(bb918b3bf2708e744a4eb53b5bfae29e) Importer(815301076,1909f56bfc062723c751e8b465ee728b)
Start importing Assets/3RD_SOFTWARE/TopDownEngine/Demos/Minimal2D/Prefabs/Walls/MinimalWall2D8.prefab using Guid(bb918b3bf2708e744a4eb53b5bfae29e) Importer(815301076,1909f56bfc062723c751e8b465ee728b)  -> (artifact id: 'b8c2adeb92b5063b4de50b233311cecc') in 0.015795 seconds 
========================================================================
Received Import Request.
  Time since last request: 0.000028 seconds.
  path: Assets/3RD_SOFTWARE/TopDownEngine/Demos/Minimal2D/Prefabs/Walls/MinimalWall2D17.prefab
  artifactKey: Guid(faefef02e1a0c7d4e8203b64157801cf) Importer(815301076,1909f56bfc062723c751e8b465ee728b)
Start importing Assets/3RD_SOFTWARE/TopDownEngine/Demos/Minimal2D/Prefabs/Walls/MinimalWall2D17.prefab using Guid(faefef02e1a0c7d4e8203b64157801cf) Importer(815301076,1909f56bfc062723c751e8b465ee728b)  -> (artifact id: '4262d8dd961f53834146263e0647426e') in 0.015557 seconds 
========================================================================
Received Import Request.
  Time since last request: 0.000027 seconds.
  path: Assets/3RD_SOFTWARE/TopDownEngine/Demos/Minimal2D/Prefabs/Walls/MinimalWall2D3.prefab
  artifactKey: Guid(c522cf192229dcf4792ad0eaa49f072c) Importer(815301076,1909f56bfc062723c751e8b465ee728b)
Start importing Assets/3RD_SOFTWARE/TopDownEngine/Demos/Minimal2D/Prefabs/Walls/MinimalWall2D3.prefab using Guid(c522cf192229dcf4792ad0eaa49f072c) Importer(815301076,1909f56bfc062723c751e8b465ee728b)  -> (artifact id: '4f03a6769a8f73f81279a2be5aa95322') in 0.017120 seconds 
========================================================================
Received Import Request.
  Time since last request: 0.000034 seconds.
  path: Assets/3RD_SOFTWARE/TopDownEngine/Demos/Minimal2D/Prefabs/Walls/MinimalWall2D2.prefab
  artifactKey: Guid(ff48952e58f130342bbcc67aabb66b91) Importer(815301076,1909f56bfc062723c751e8b465ee728b)
Start importing Assets/3RD_SOFTWARE/TopDownEngine/Demos/Minimal2D/Prefabs/Walls/MinimalWall2D2.prefab using Guid(ff48952e58f130342bbcc67aabb66b91) Importer(815301076,1909f56bfc062723c751e8b465ee728b)  -> (artifact id: '1392ee8eba976bf3b40de99f9e2f19a2') in 0.016373 seconds 
========================================================================
Received Import Request.
  Time since last request: 0.000035 seconds.
  path: Assets/3RD_SOFTWARE/TopDownEngine/Demos/Minimal2D/Prefabs/Walls/MinimalWall2D9.prefab
  artifactKey: Guid(fa1dfffc7986846468341a9dff7b5c15) Importer(815301076,1909f56bfc062723c751e8b465ee728b)
Start importing Assets/3RD_SOFTWARE/TopDownEngine/Demos/Minimal2D/Prefabs/Walls/MinimalWall2D9.prefab using Guid(fa1dfffc7986846468341a9dff7b5c15) Importer(815301076,1909f56bfc062723c751e8b465ee728b)  -> (artifact id: 'ec9acff3cabb782f0df5ec233fb7e819') in 0.014046 seconds 
========================================================================
Received Import Request.
  Time since last request: 0.000020 seconds.
  path: Assets/3RD_SOFTWARE/TopDownEngine/Demos/Minimal3D/Prefabs/Props/Minimal3DExplosion.prefab
  artifactKey: Guid(468b1fff8a41d6c4a860fb0d1ae1817c) Importer(815301076,1909f56bfc062723c751e8b465ee728b)
Start importing Assets/3RD_SOFTWARE/TopDownEngine/Demos/Minimal3D/Prefabs/Props/Minimal3DExplosion.prefab using Guid(468b1fff8a41d6c4a860fb0d1ae1817c) Importer(815301076,1909f56bfc062723c751e8b465ee728b)  -> (artifact id: '1bccebb19079268318916dc4e71aed9b') in 0.018361 seconds 
========================================================================
Received Import Request.
  Time since last request: 0.000025 seconds.
  path: Assets/3RD_SOFTWARE/TopDownEngine/Demos/Minimal2D/Prefabs/PlayableCharacters/MinimalCharacter2DGrid.prefab
  artifactKey: Guid(1b8168af7bed4fb4c82ff8651bbaa7c4) Importer(815301076,1909f56bfc062723c751e8b465ee728b)
Start importing Assets/3RD_SOFTWARE/TopDownEngine/Demos/Minimal2D/Prefabs/PlayableCharacters/MinimalCharacter2DGrid.prefab using Guid(1b8168af7bed4fb4c82ff8651bbaa7c4) Importer(815301076,1909f56bfc062723c751e8b465ee728b)  -> (artifact id: 'db309def6d8df9b53a35b1f13a09ad02') in 0.022062 seconds 
========================================================================
Received Import Request.
  Time since last request: 0.000032 seconds.
  path: Assets/3RD_SOFTWARE/TopDownEngine/Demos/Minimal3D/Models/Minimal3DGlasses.fbx
  artifactKey: Guid(68e83e9e49482f04b895b0ab335332fb) Importer(815301076,1909f56bfc062723c751e8b465ee728b)
Start importing Assets/3RD_SOFTWARE/TopDownEngine/Demos/Minimal3D/Models/Minimal3DGlasses.fbx using Guid(68e83e9e49482f04b895b0ab335332fb) Importer(815301076,1909f56bfc062723c751e8b465ee728b)  -> (artifact id: 'ef93abf7fe60819f0f254dee546353dd') in 0.028878 seconds 
========================================================================
Received Import Request.
  Time since last request: 0.769197 seconds.
  path: Assets/3RD_SOFTWARE/TopDownEngine/Demos/Tanks/Textures/MMMinimalPaletteBlue.png
  artifactKey: Guid(1b1af90cd73d129468eaccdf1cc620d3) Importer(815301076,1909f56bfc062723c751e8b465ee728b)
Start importing Assets/3RD_SOFTWARE/TopDownEngine/Demos/Tanks/Textures/MMMinimalPaletteBlue.png using Guid(1b1af90cd73d129468eaccdf1cc620d3) Importer(815301076,1909f56bfc062723c751e8b465ee728b)  -> (artifact id: '9e5122ea0ceece4cdfcbdaa8e57e7c66') in 0.017105 seconds 
========================================================================
Received Prepare
Registering precompiled user dll's ...
Registered in 0.011079 seconds.
Begin MonoManager ReloadAssembly
Symbol file LoadedFromMemory doesn't match image C:\HyperCasual\MagnitBoyRunner\Library\PackageCache\com.unity.visualscripting@1.7.6\Editor\VisualScripting.Core\Dependencies\YamlDotNet\Unity.VisualScripting.YamlDotNet.dll
Symbol file LoadedFromMemory doesn't match image C:\HyperCasual\MagnitBoyRunner\Library\PackageCache\com.unity.visualscripting@1.7.6\Editor\VisualScripting.Core\Dependencies\DotNetZip\Unity.VisualScripting.IonicZip.dll
Native extension for WindowsStandalone target not found
Native extension for WebGL target not found
Refreshing native plugins compatible for Editor in 2.87 ms, found 4 plugins.
Preloading 0 native plugins for Editor in 0.00 ms.
Mono: successfully reloaded assembly
- Completed reload, in  1.806 seconds
Domain Reload Profiling:
	ReloadAssembly (1807ms)
		BeginReloadAssembly (201ms)
			ExecutionOrderSort (0ms)
			DisableScriptedObjects (6ms)
			BackupInstance (0ms)
			ReleaseScriptingObjects (0ms)
			CreateAndSetChildDomain (59ms)
		EndReloadAssembly (1502ms)
			LoadAssemblies (151ms)
			RebuildTransferFunctionScriptingTraits (0ms)
			SetupTypeCache (392ms)
			ReleaseScriptCaches (3ms)
			RebuildScriptCaches (81ms)
			SetupLoadedEditorAssemblies (825ms)
				LogAssemblyErrors (0ms)
				InitializePlatformSupportModulesInManaged (19ms)
				SetLoadedEditorAssemblies (1ms)
				RefreshPlugins (3ms)
				BeforeProcessingInitializeOnLoad (148ms)
				ProcessInitializeOnLoadAttributes (553ms)
				ProcessInitializeOnLoadMethodAttributes (89ms)
				AfterProcessingInitializeOnLoad (12ms)
				EditorAssembliesLoaded (0ms)
			ExecutionOrderSort2 (0ms)
			AwakeInstancesAfterBackupRestoration (15ms)
Platform modules already initialized, skipping
Shader 'MoreMountains/MMRipple': fallback shader 'Particle/AlphaBlended' not found
Refreshing native plugins compatible for Editor in 3.12 ms, found 4 plugins.
Preloading 0 native plugins for Editor in 0.00 ms.
Unloading 6586 Unused Serialized files (Serialized files now loaded: 0)
Unloading 57 unused Assets / (3.0 MB). Loaded Objects now: 7483.
Memory consumption went from 367.3 MB to 364.3 MB.
Total: 7.713100 ms (FindLiveObjects: 0.791300 ms CreateObjectMapping: 0.183900 ms MarkObjects: 4.886800 ms  DeleteObjects: 1.849600 ms)

AssetImportParameters requested are different than current active one (requested -> active):
  custom:video-decoder-ogg-theora: a1e56fd34408186e4bbccfd4996cb3dc -> 
  custom:container-muxer-webm: aa71ff27fc2769a1b78a27578f13a17b -> 
  custom:container-demuxer-webm: 4f35f7cbe854078d1ac9338744f61a02 -> 
  custom:video-encoder-webm-vp8: eb34c28f22e8b96e1ab97ce403110664 -> 
  custom:audio-encoder-webm-vorbis: bf7c407c2cedff20999df2af8eb42d56 -> 
  custom:framework-win-MediaFoundation: 216162199b28c13a410421893ffa2e32 -> 
  custom:container-demuxer-ogg: 62fdf1f143b41e24485cea50d1cbac27 -> 
  custom:video-decoder-webm-vp8: 9c59270c3fd7afecdb556c50c9e8de78 -> 
  custom:audio-decoder-ogg-vorbis: bf7c407c2cedff20999df2af8eb42d56 -> 
========================================================================
Received Import Request.
  Time since last request: 74.178259 seconds.
  path: Assets/3RD_SOFTWARE/TopDownEngine/Demos/Colonel/Materials/ColonelMineLineMaterial.mat
  artifactKey: Guid(e546a9dc214b69f47921125eab9fa3b1) Importer(815301076,1909f56bfc062723c751e8b465ee728b)
Start importing Assets/3RD_SOFTWARE/TopDownEngine/Demos/Colonel/Materials/ColonelMineLineMaterial.mat using Guid(e546a9dc214b69f47921125eab9fa3b1) Importer(815301076,1909f56bfc062723c751e8b465ee728b)  -> (artifact id: '0e2c002572ec8ac7914175c0c15d588a') in 0.073831 seconds 
========================================================================
Received Import Request.
  Time since last request: 0.000036 seconds.
  path: Assets/3RD_SOFTWARE/TopDownEngine/Demos/Colonel/Prefabs/Weapons/ColonelStunMine.prefab
  artifactKey: Guid(2f8f7b057eb71aa49b95d50ffac559ca) Importer(815301076,1909f56bfc062723c751e8b465ee728b)
Start importing Assets/3RD_SOFTWARE/TopDownEngine/Demos/Colonel/Prefabs/Weapons/ColonelStunMine.prefab using Guid(2f8f7b057eb71aa49b95d50ffac559ca) Importer(815301076,1909f56bfc062723c751e8b465ee728b)  -> (artifact id: '03d862707089eb2f58a4ad30cc782369') in 0.297321 seconds 
========================================================================
Received Import Request.
  Time since last request: 48.716824 seconds.
  path: Assets/3RD_SOFTWARE/BizulkaProduction/Stickman/Models/Stickman_heads_sphere.fbx
  artifactKey: Guid(fa7f36c71b9e8fa4798df3a931c2fd92) Importer(815301076,1909f56bfc062723c751e8b465ee728b)
Start importing Assets/3RD_SOFTWARE/BizulkaProduction/Stickman/Models/Stickman_heads_sphere.fbx using Guid(fa7f36c71b9e8fa4798df3a931c2fd92) Importer(815301076,1909f56bfc062723c751e8b465ee728b)  -> (artifact id: '32d318334141e26aab9dd939a760d7c0') in 0.093410 seconds 
========================================================================
Received Prepare
Registering precompiled user dll's ...
Registered in 0.010216 seconds.
Begin MonoManager ReloadAssembly
Symbol file LoadedFromMemory doesn't match image C:\HyperCasual\MagnitBoyRunner\Library\PackageCache\com.unity.visualscripting@1.7.6\Editor\VisualScripting.Core\Dependencies\YamlDotNet\Unity.VisualScripting.YamlDotNet.dll
Symbol file LoadedFromMemory doesn't match image C:\HyperCasual\MagnitBoyRunner\Library\PackageCache\com.unity.visualscripting@1.7.6\Editor\VisualScripting.Core\Dependencies\DotNetZip\Unity.VisualScripting.IonicZip.dll
Native extension for WindowsStandalone target not found
Native extension for WebGL target not found
Refreshing native plugins compatible for Editor in 2.59 ms, found 4 plugins.
Preloading 0 native plugins for Editor in 0.00 ms.
Mono: successfully reloaded assembly
- Completed reload, in  1.578 seconds
Domain Reload Profiling:
	ReloadAssembly (1579ms)
		BeginReloadAssembly (172ms)
			ExecutionOrderSort (0ms)
			DisableScriptedObjects (7ms)
			BackupInstance (0ms)
			ReleaseScriptingObjects (0ms)
			CreateAndSetChildDomain (56ms)
		EndReloadAssembly (1307ms)
			LoadAssemblies (121ms)
			RebuildTransferFunctionScriptingTraits (0ms)
			SetupTypeCache (345ms)
			ReleaseScriptCaches (3ms)
			RebuildScriptCaches (67ms)
			SetupLoadedEditorAssemblies (721ms)
				LogAssemblyErrors (0ms)
				InitializePlatformSupportModulesInManaged (14ms)
				SetLoadedEditorAssemblies (0ms)
				RefreshPlugins (3ms)
				BeforeProcessingInitializeOnLoad (126ms)
				ProcessInitializeOnLoadAttributes (490ms)
				ProcessInitializeOnLoadMethodAttributes (78ms)
				AfterProcessingInitializeOnLoad (11ms)
				EditorAssembliesLoaded (0ms)
			ExecutionOrderSort2 (0ms)
			AwakeInstancesAfterBackupRestoration (12ms)
Platform modules already initialized, skipping
Shader 'MoreMountains/MMRipple': fallback shader 'Particle/AlphaBlended' not found
Refreshing native plugins compatible for Editor in 2.13 ms, found 4 plugins.
Preloading 0 native plugins for Editor in 0.00 ms.
Unloading 6575 Unused Serialized files (Serialized files now loaded: 0)
Unloading 53 unused Assets / (2.9 MB). Loaded Objects now: 7498.
Memory consumption went from 439.2 MB to 436.2 MB.
Total: 5.964700 ms (FindLiveObjects: 0.752200 ms CreateObjectMapping: 0.185600 ms MarkObjects: 3.771400 ms  DeleteObjects: 1.253700 ms)

AssetImportParameters requested are different than current active one (requested -> active):
  custom:video-decoder-ogg-theora: a1e56fd34408186e4bbccfd4996cb3dc -> 
  custom:container-muxer-webm: aa71ff27fc2769a1b78a27578f13a17b -> 
  custom:container-demuxer-webm: 4f35f7cbe854078d1ac9338744f61a02 -> 
  custom:video-encoder-webm-vp8: eb34c28f22e8b96e1ab97ce403110664 -> 
  custom:audio-encoder-webm-vorbis: bf7c407c2cedff20999df2af8eb42d56 -> 
  custom:framework-win-MediaFoundation: 216162199b28c13a410421893ffa2e32 -> 
  custom:container-demuxer-ogg: 62fdf1f143b41e24485cea50d1cbac27 -> 
  custom:video-decoder-webm-vp8: 9c59270c3fd7afecdb556c50c9e8de78 -> 
  custom:audio-decoder-ogg-vorbis: bf7c407c2cedff20999df2af8eb42d56 -> 
========================================================================
Received Prepare
Registering precompiled user dll's ...
Registered in 0.010889 seconds.
Begin MonoManager ReloadAssembly
Symbol file LoadedFromMemory doesn't match image C:\HyperCasual\MagnitBoyRunner\Library\PackageCache\com.unity.visualscripting@1.7.6\Editor\VisualScripting.Core\Dependencies\YamlDotNet\Unity.VisualScripting.YamlDotNet.dll
Symbol file LoadedFromMemory doesn't match image C:\HyperCasual\MagnitBoyRunner\Library\PackageCache\com.unity.visualscripting@1.7.6\Editor\VisualScripting.Core\Dependencies\DotNetZip\Unity.VisualScripting.IonicZip.dll
Native extension for WindowsStandalone target not found
Native extension for WebGL target not found
Refreshing native plugins compatible for Editor in 2.91 ms, found 4 plugins.
Preloading 0 native plugins for Editor in 0.00 ms.
Mono: successfully reloaded assembly
- Completed reload, in  1.584 seconds
Domain Reload Profiling:
	ReloadAssembly (1585ms)
		BeginReloadAssembly (168ms)
			ExecutionOrderSort (0ms)
			DisableScriptedObjects (8ms)
			BackupInstance (0ms)
			ReleaseScriptingObjects (0ms)
			CreateAndSetChildDomain (50ms)
		EndReloadAssembly (1307ms)
			LoadAssemblies (109ms)
			RebuildTransferFunctionScriptingTraits (0ms)
			SetupTypeCache (332ms)
			ReleaseScriptCaches (3ms)
			RebuildScriptCaches (68ms)
			SetupLoadedEditorAssemblies (736ms)
				LogAssemblyErrors (0ms)
				InitializePlatformSupportModulesInManaged (14ms)
				SetLoadedEditorAssemblies (0ms)
				RefreshPlugins (3ms)
				BeforeProcessingInitializeOnLoad (132ms)
				ProcessInitializeOnLoadAttributes (494ms)
				ProcessInitializeOnLoadMethodAttributes (82ms)
				AfterProcessingInitializeOnLoad (11ms)
				EditorAssembliesLoaded (0ms)
			ExecutionOrderSort2 (0ms)
			AwakeInstancesAfterBackupRestoration (13ms)
Platform modules already initialized, skipping
Shader 'MoreMountains/MMRipple': fallback shader 'Particle/AlphaBlended' not found
Refreshing native plugins compatible for Editor in 2.41 ms, found 4 plugins.
Preloading 0 native plugins for Editor in 0.00 ms.
Unloading 6575 Unused Serialized files (Serialized files now loaded: 0)
Unloading 53 unused Assets / (2.9 MB). Loaded Objects now: 7512.
Memory consumption went from 439.2 MB to 436.2 MB.
Total: 7.337700 ms (FindLiveObjects: 1.109700 ms CreateObjectMapping: 0.477200 ms MarkObjects: 3.936900 ms  DeleteObjects: 1.811900 ms)

AssetImportParameters requested are different than current active one (requested -> active):
  custom:video-decoder-ogg-theora: a1e56fd34408186e4bbccfd4996cb3dc -> 
  custom:container-muxer-webm: aa71ff27fc2769a1b78a27578f13a17b -> 
  custom:container-demuxer-webm: 4f35f7cbe854078d1ac9338744f61a02 -> 
  custom:video-encoder-webm-vp8: eb34c28f22e8b96e1ab97ce403110664 -> 
  custom:audio-encoder-webm-vorbis: bf7c407c2cedff20999df2af8eb42d56 -> 
  custom:framework-win-MediaFoundation: 216162199b28c13a410421893ffa2e32 -> 
  custom:container-demuxer-ogg: 62fdf1f143b41e24485cea50d1cbac27 -> 
  custom:video-decoder-webm-vp8: 9c59270c3fd7afecdb556c50c9e8de78 -> 
  custom:audio-decoder-ogg-vorbis: bf7c407c2cedff20999df2af8eb42d56 -> 
========================================================================
Received Prepare
Registering precompiled user dll's ...
Registered in 0.009613 seconds.
Begin MonoManager ReloadAssembly
Symbol file LoadedFromMemory doesn't match image C:\HyperCasual\MagnitBoyRunner\Library\PackageCache\com.unity.visualscripting@1.7.6\Editor\VisualScripting.Core\Dependencies\YamlDotNet\Unity.VisualScripting.YamlDotNet.dll
Symbol file LoadedFromMemory doesn't match image C:\HyperCasual\MagnitBoyRunner\Library\PackageCache\com.unity.visualscripting@1.7.6\Editor\VisualScripting.Core\Dependencies\DotNetZip\Unity.VisualScripting.IonicZip.dll
Native extension for WindowsStandalone target not found
Native extension for WebGL target not found
Refreshing native plugins compatible for Editor in 2.52 ms, found 4 plugins.
Preloading 0 native plugins for Editor in 0.00 ms.
Mono: successfully reloaded assembly
- Completed reload, in  1.580 seconds
Domain Reload Profiling:
	ReloadAssembly (1581ms)
		BeginReloadAssembly (162ms)
			ExecutionOrderSort (0ms)
			DisableScriptedObjects (7ms)
			BackupInstance (0ms)
			ReleaseScriptingObjects (0ms)
			CreateAndSetChildDomain (48ms)
		EndReloadAssembly (1320ms)
			LoadAssemblies (108ms)
			RebuildTransferFunctionScriptingTraits (0ms)
			SetupTypeCache (329ms)
			ReleaseScriptCaches (2ms)
			RebuildScriptCaches (71ms)
			SetupLoadedEditorAssemblies (741ms)
				LogAssemblyErrors (0ms)
				InitializePlatformSupportModulesInManaged (16ms)
				SetLoadedEditorAssemblies (0ms)
				RefreshPlugins (3ms)
				BeforeProcessingInitializeOnLoad (133ms)
				ProcessInitializeOnLoadAttributes (489ms)
				ProcessInitializeOnLoadMethodAttributes (87ms)
				AfterProcessingInitializeOnLoad (12ms)
				EditorAssembliesLoaded (0ms)
			ExecutionOrderSort2 (0ms)
			AwakeInstancesAfterBackupRestoration (13ms)
Platform modules already initialized, skipping
Shader 'MoreMountains/MMRipple': fallback shader 'Particle/AlphaBlended' not found
Refreshing native plugins compatible for Editor in 2.46 ms, found 4 plugins.
Preloading 0 native plugins for Editor in 0.00 ms.
Unloading 6575 Unused Serialized files (Serialized files now loaded: 0)
Unloading 53 unused Assets / (2.9 MB). Loaded Objects now: 7526.
Memory consumption went from 439.2 MB to 436.2 MB.
Total: 6.118900 ms (FindLiveObjects: 0.811100 ms CreateObjectMapping: 0.580900 ms MarkObjects: 3.436500 ms  DeleteObjects: 1.288700 ms)

AssetImportParameters requested are different than current active one (requested -> active):
  custom:video-decoder-ogg-theora: a1e56fd34408186e4bbccfd4996cb3dc -> 
  custom:container-muxer-webm: aa71ff27fc2769a1b78a27578f13a17b -> 
  custom:container-demuxer-webm: 4f35f7cbe854078d1ac9338744f61a02 -> 
  custom:video-encoder-webm-vp8: eb34c28f22e8b96e1ab97ce403110664 -> 
  custom:audio-encoder-webm-vorbis: bf7c407c2cedff20999df2af8eb42d56 -> 
  custom:framework-win-MediaFoundation: 216162199b28c13a410421893ffa2e32 -> 
  custom:container-demuxer-ogg: 62fdf1f143b41e24485cea50d1cbac27 -> 
  custom:video-decoder-webm-vp8: 9c59270c3fd7afecdb556c50c9e8de78 -> 
  custom:audio-decoder-ogg-vorbis: bf7c407c2cedff20999df2af8eb42d56 -> 
========================================================================
Received Import Request.
  Time since last request: 392.148514 seconds.
  path: Assets/Materials/player_material.mat
  artifactKey: Guid(6ba0ba3da22767a4d9481f58f6be73ba) Importer(815301076,1909f56bfc062723c751e8b465ee728b)
Start importing Assets/Materials/player_material.mat using Guid(6ba0ba3da22767a4d9481f58f6be73ba) Importer(815301076,1909f56bfc062723c751e8b465ee728b)  -> (artifact id: '1e4336d2c04bbf7f934657e7f3a30f9b') in 0.176341 seconds 
========================================================================
Received Prepare
Registering precompiled user dll's ...
Registered in 0.009687 seconds.
Begin MonoManager ReloadAssembly
Symbol file LoadedFromMemory doesn't match image C:\HyperCasual\MagnitBoyRunner\Library\PackageCache\com.unity.visualscripting@1.7.6\Editor\VisualScripting.Core\Dependencies\YamlDotNet\Unity.VisualScripting.YamlDotNet.dll
Symbol file LoadedFromMemory doesn't match image C:\HyperCasual\MagnitBoyRunner\Library\PackageCache\com.unity.visualscripting@1.7.6\Editor\VisualScripting.Core\Dependencies\DotNetZip\Unity.VisualScripting.IonicZip.dll
Native extension for WindowsStandalone target not found
Native extension for WebGL target not found
Refreshing native plugins compatible for Editor in 3.43 ms, found 4 plugins.
Preloading 0 native plugins for Editor in 0.00 ms.
Mono: successfully reloaded assembly
- Completed reload, in  1.594 seconds
Domain Reload Profiling:
	ReloadAssembly (1594ms)
		BeginReloadAssembly (172ms)
			ExecutionOrderSort (0ms)
			DisableScriptedObjects (7ms)
			BackupInstance (0ms)
			ReleaseScriptingObjects (0ms)
			CreateAndSetChildDomain (51ms)
		EndReloadAssembly (1319ms)
			LoadAssemblies (121ms)
			RebuildTransferFunctionScriptingTraits (0ms)
			SetupTypeCache (335ms)
			ReleaseScriptCaches (2ms)
			RebuildScriptCaches (73ms)
			SetupLoadedEditorAssemblies (738ms)
				LogAssemblyErrors (0ms)
				InitializePlatformSupportModulesInManaged (16ms)
				SetLoadedEditorAssemblies (1ms)
				RefreshPlugins (4ms)
				BeforeProcessingInitializeOnLoad (130ms)
				ProcessInitializeOnLoadAttributes (492ms)
				ProcessInitializeOnLoadMethodAttributes (86ms)
				AfterProcessingInitializeOnLoad (10ms)
				EditorAssembliesLoaded (0ms)
			ExecutionOrderSort2 (0ms)
			AwakeInstancesAfterBackupRestoration (12ms)
Platform modules already initialized, skipping
Shader 'MoreMountains/MMRipple': fallback shader 'Particle/AlphaBlended' not found
Refreshing native plugins compatible for Editor in 3.52 ms, found 4 plugins.
Preloading 0 native plugins for Editor in 0.00 ms.
Unloading 6575 Unused Serialized files (Serialized files now loaded: 0)
Unloading 53 unused Assets / (2.9 MB). Loaded Objects now: 7540.
Memory consumption went from 439.2 MB to 436.3 MB.
Total: 5.824400 ms (FindLiveObjects: 0.736500 ms CreateObjectMapping: 0.195800 ms MarkObjects: 3.503800 ms  DeleteObjects: 1.386400 ms)

AssetImportParameters requested are different than current active one (requested -> active):
  custom:video-decoder-ogg-theora: a1e56fd34408186e4bbccfd4996cb3dc -> 
  custom:container-muxer-webm: aa71ff27fc2769a1b78a27578f13a17b -> 
  custom:container-demuxer-webm: 4f35f7cbe854078d1ac9338744f61a02 -> 
  custom:video-encoder-webm-vp8: eb34c28f22e8b96e1ab97ce403110664 -> 
  custom:audio-encoder-webm-vorbis: bf7c407c2cedff20999df2af8eb42d56 -> 
  custom:framework-win-MediaFoundation: 216162199b28c13a410421893ffa2e32 -> 
  custom:container-demuxer-ogg: 62fdf1f143b41e24485cea50d1cbac27 -> 
  custom:video-decoder-webm-vp8: 9c59270c3fd7afecdb556c50c9e8de78 -> 
  custom:audio-decoder-ogg-vorbis: bf7c407c2cedff20999df2af8eb42d56 -> 
========================================================================
Received Import Request.
  Time since last request: 424.251232 seconds.
  path: Assets/3RD_SOFTWARE/Feel/FeelDemos/Barbarians/Models/FeelBarbarian.fbx
  artifactKey: Guid(5c0669bd66f517143b7f3a11cbd9c17e) Importer(815301076,1909f56bfc062723c751e8b465ee728b)
Start importing Assets/3RD_SOFTWARE/Feel/FeelDemos/Barbarians/Models/FeelBarbarian.fbx using Guid(5c0669bd66f517143b7f3a11cbd9c17e) Importer(815301076,1909f56bfc062723c751e8b465ee728b)  -> (artifact id: '989c6edf1758ec7a573b5d548ff245a9') in 0.309532 seconds 
========================================================================
Received Import Request.
  Time since last request: 0.000029 seconds.
  path: Assets/3RD_SOFTWARE/TopDownEngine/Demos/Colonel/Animations/Run/FBI@RunRight.fbx
  artifactKey: Guid(16635f2efef7a774686586be68c0339f) Importer(815301076,1909f56bfc062723c751e8b465ee728b)
Start importing Assets/3RD_SOFTWARE/TopDownEngine/Demos/Colonel/Animations/Run/FBI@RunRight.fbx using Guid(16635f2efef7a774686586be68c0339f) Importer(815301076,1909f56bfc062723c751e8b465ee728b)  -> (artifact id: '7f9b028f78e732c987ee248104b40761') in 0.013766 seconds 
========================================================================
Received Import Request.
  Time since last request: 0.000032 seconds.
  path: Assets/3RD_SOFTWARE/TopDownEngine/Demos/Colonel/Animations/WalkCrouching/FBI@WalkCrouchingBackward.fbx
  artifactKey: Guid(2f0bed83e47840940ab2a0e7c970f632) Importer(815301076,1909f56bfc062723c751e8b465ee728b)
Start importing Assets/3RD_SOFTWARE/TopDownEngine/Demos/Colonel/Animations/WalkCrouching/FBI@WalkCrouchingBackward.fbx using Guid(2f0bed83e47840940ab2a0e7c970f632) Importer(815301076,1909f56bfc062723c751e8b465ee728b)  -> (artifact id: 'c0b82b537822d360cc5c3a7a2a54b153') in 0.013003 seconds 
========================================================================
Received Import Request.
  Time since last request: 0.000025 seconds.
  path: Assets/3RD_SOFTWARE/TopDownEngine/Demos/Colonel/Animations/Unarmed/FBI@WalkLeftUnarmed.fbx
  artifactKey: Guid(8e6a51551eb0242458a317ee0644acb6) Importer(815301076,1909f56bfc062723c751e8b465ee728b)
Start importing Assets/3RD_SOFTWARE/TopDownEngine/Demos/Colonel/Animations/Unarmed/FBI@WalkLeftUnarmed.fbx using Guid(8e6a51551eb0242458a317ee0644acb6) Importer(815301076,1909f56bfc062723c751e8b465ee728b)  -> (artifact id: '90279c17890f2d4472bb87b51f7e443c') in 0.013755 seconds 
========================================================================
Received Import Request.
  Time since last request: 0.000037 seconds.
  path: Assets/3RD_SOFTWARE/TopDownEngine/Demos/Colonel/Animations/Unarmed/FBI@WalkRightUnarmed.fbx
  artifactKey: Guid(56baa2e5a60a0614d8c757919b986f0d) Importer(815301076,1909f56bfc062723c751e8b465ee728b)
Start importing Assets/3RD_SOFTWARE/TopDownEngine/Demos/Colonel/Animations/Unarmed/FBI@WalkRightUnarmed.fbx using Guid(56baa2e5a60a0614d8c757919b986f0d) Importer(815301076,1909f56bfc062723c751e8b465ee728b)  -> (artifact id: '4e2d4798c60d5f98481125a2a6a30174') in 0.012929 seconds 
========================================================================
Received Import Request.
  Time since last request: 0.000031 seconds.
  path: Assets/3RD_SOFTWARE/TopDownEngine/Demos/Colonel/Animations/Walk/FBI@WalkForwardRight.fbx
  artifactKey: Guid(29a771460488ac746aeed0cdc3e2ed33) Importer(815301076,1909f56bfc062723c751e8b465ee728b)
Start importing Assets/3RD_SOFTWARE/TopDownEngine/Demos/Colonel/Animations/Walk/FBI@WalkForwardRight.fbx using Guid(29a771460488ac746aeed0cdc3e2ed33) Importer(815301076,1909f56bfc062723c751e8b465ee728b)  -> (artifact id: 'c678451896fa9a0de0a9832dd01661b3') in 0.013014 seconds 
========================================================================
Received Import Request.
  Time since last request: 0.000024 seconds.
  path: Assets/3RD_SOFTWARE/TopDownEngine/Demos/Colonel/Animations/Unarmed/FBI@SlowIdleUnarmed.fbx
  artifactKey: Guid(7179a689dc9378a4f870f1c94c53e343) Importer(815301076,1909f56bfc062723c751e8b465ee728b)
Start importing Assets/3RD_SOFTWARE/TopDownEngine/Demos/Colonel/Animations/Unarmed/FBI@SlowIdleUnarmed.fbx using Guid(7179a689dc9378a4f870f1c94c53e343) Importer(815301076,1909f56bfc062723c751e8b465ee728b)  -> (artifact id: '53309994f8db6a43bb8b835a1de4afc2') in 0.014015 seconds 
========================================================================
Received Import Request.
  Time since last request: 0.000029 seconds.
  path: Assets/3RD_SOFTWARE/TopDownEngine/Demos/Colonel/Animations/Run/FBI@RunForwardLeft.fbx
  artifactKey: Guid(36b84d6f331bbae4095a5e37453bf57b) Importer(815301076,1909f56bfc062723c751e8b465ee728b)
Start importing Assets/3RD_SOFTWARE/TopDownEngine/Demos/Colonel/Animations/Run/FBI@RunForwardLeft.fbx using Guid(36b84d6f331bbae4095a5e37453bf57b) Importer(815301076,1909f56bfc062723c751e8b465ee728b)  -> (artifact id: 'b37852704e9d9af659d5ca07e320c5a1') in 0.014586 seconds 
========================================================================
Received Import Request.
  Time since last request: 0.000024 seconds.
  path: Assets/3RD_SOFTWARE/JMO Assets/Toony Colors Pro/Demo TCP2/Cat Demo Assets/Models/TCP2_Demo_UnityChan_Animations.fbx
  artifactKey: Guid(f320efa63ce12874a9ad50add869c0b5) Importer(815301076,1909f56bfc062723c751e8b465ee728b)
Start importing Assets/3RD_SOFTWARE/JMO Assets/Toony Colors Pro/Demo TCP2/Cat Demo Assets/Models/TCP2_Demo_UnityChan_Animations.fbx using Guid(f320efa63ce12874a9ad50add869c0b5) Importer(815301076,1909f56bfc062723c751e8b465ee728b)  -> (artifact id: '15ea8c55b8a30f053f38ad6bc1ef19a5') in 0.021766 seconds 
========================================================================
Received Import Request.
  Time since last request: 0.000022 seconds.
  path: Assets/3RD_SOFTWARE/TopDownEngine/Demos/Colonel/Animations/Walk/FBI@WalkBackwardRight.fbx
  artifactKey: Guid(864b1f262a74c38469a8d8a6159122d0) Importer(815301076,1909f56bfc062723c751e8b465ee728b)
Start importing Assets/3RD_SOFTWARE/TopDownEngine/Demos/Colonel/Animations/Walk/FBI@WalkBackwardRight.fbx using Guid(864b1f262a74c38469a8d8a6159122d0) Importer(815301076,1909f56bfc062723c751e8b465ee728b)  -> (artifact id: 'b3ff81db1e38dbdac681f477aaafa3aa') in 0.017029 seconds 
========================================================================
Received Import Request.
  Time since last request: 0.000038 seconds.
  path: Assets/3RD_SOFTWARE/TopDownEngine/Demos/Colonel/Animations/Unarmed/FBI@WalkBackwardUnarmed.fbx
  artifactKey: Guid(ac555e32f95333a44b9a0ec25ba8fa72) Importer(815301076,1909f56bfc062723c751e8b465ee728b)
Start importing Assets/3RD_SOFTWARE/TopDownEngine/Demos/Colonel/Animations/Unarmed/FBI@WalkBackwardUnarmed.fbx using Guid(ac555e32f95333a44b9a0ec25ba8fa72) Importer(815301076,1909f56bfc062723c751e8b465ee728b)  -> (artifact id: 'ea7c6681ab3a652443b5f96a89971683') in 0.014458 seconds 
========================================================================
Received Import Request.
  Time since last request: 0.000042 seconds.
  path: Assets/3RD_SOFTWARE/TopDownEngine/Demos/Colonel/Animations/WalkCrouching/FBI@WalkCrouchingBackwardLeft.fbx
  artifactKey: Guid(cf2081f29f246a54792378f56a428241) Importer(815301076,1909f56bfc062723c751e8b465ee728b)
Start importing Assets/3RD_SOFTWARE/TopDownEngine/Demos/Colonel/Animations/WalkCrouching/FBI@WalkCrouchingBackwardLeft.fbx using Guid(cf2081f29f246a54792378f56a428241) Importer(815301076,1909f56bfc062723c751e8b465ee728b)  -> (artifact id: '386de428f7cfdb942c39dd542a384a80') in 0.016253 seconds 
========================================================================
Received Import Request.
  Time since last request: 0.000030 seconds.
  path: Assets/3RD_SOFTWARE/TopDownEngine/Demos/Colonel/Animations/WalkCrouching/FBI@WalkCrouchingRight.fbx
  artifactKey: Guid(ddfcfae442ceafb4aaeab25deb34a4bb) Importer(815301076,1909f56bfc062723c751e8b465ee728b)
Start importing Assets/3RD_SOFTWARE/TopDownEngine/Demos/Colonel/Animations/WalkCrouching/FBI@WalkCrouchingRight.fbx using Guid(ddfcfae442ceafb4aaeab25deb34a4bb) Importer(815301076,1909f56bfc062723c751e8b465ee728b)  -> (artifact id: '7045d7c88e825dbe5135094274de00ff') in 0.015352 seconds 
========================================================================
Received Import Request.
  Time since last request: 0.000033 seconds.
  path: Assets/3RD_SOFTWARE/TopDownEngine/Demos/Colonel/Animations/Walk/FBI@WalkBackwardLeft.fbx
  artifactKey: Guid(beb938024f06dfa40b6704096803b652) Importer(815301076,1909f56bfc062723c751e8b465ee728b)
Start importing Assets/3RD_SOFTWARE/TopDownEngine/Demos/Colonel/Animations/Walk/FBI@WalkBackwardLeft.fbx using Guid(beb938024f06dfa40b6704096803b652) Importer(815301076,1909f56bfc062723c751e8b465ee728b)  -> (artifact id: '5c13b15414734bd6ea944dbdd561bf6e') in 0.014750 seconds 
========================================================================
Received Import Request.
  Time since last request: 0.000027 seconds.
  path: Assets/3RD_SOFTWARE/TopDownEngine/Demos/Colonel/Animations/Various/FBI@CrouchIdle.fbx
  artifactKey: Guid(6812966174de35b419942d48a639808f) Importer(815301076,1909f56bfc062723c751e8b465ee728b)
Start importing Assets/3RD_SOFTWARE/TopDownEngine/Demos/Colonel/Animations/Various/FBI@CrouchIdle.fbx using Guid(6812966174de35b419942d48a639808f) Importer(815301076,1909f56bfc062723c751e8b465ee728b)  -> (artifact id: '468c415da958c45bcba3fe6e16d5b394') in 0.013603 seconds 
========================================================================
Received Import Request.
  Time since last request: 0.000025 seconds.
  path: Assets/3RD_SOFTWARE/TopDownEngine/Demos/Colonel/Animations/Run/FBI@RunBackwardLeft.fbx
  artifactKey: Guid(10fd4749bd313af4da73f8a491e76a98) Importer(815301076,1909f56bfc062723c751e8b465ee728b)
Start importing Assets/3RD_SOFTWARE/TopDownEngine/Demos/Colonel/Animations/Run/FBI@RunBackwardLeft.fbx using Guid(10fd4749bd313af4da73f8a491e76a98) Importer(815301076,1909f56bfc062723c751e8b465ee728b)  -> (artifact id: '998245212b313de07af27197ecf031c2') in 0.015546 seconds 
========================================================================
Received Import Request.
  Time since last request: 0.000067 seconds.
  path: Assets/3RD_SOFTWARE/TopDownEngine/Demos/Colonel/Animations/WalkCrouching/FBI@WalkCrouchingForward.fbx
  artifactKey: Guid(8d9ce1fb4e81a9c45b6eff4ec0a975e2) Importer(815301076,1909f56bfc062723c751e8b465ee728b)
Start importing Assets/3RD_SOFTWARE/TopDownEngine/Demos/Colonel/Animations/WalkCrouching/FBI@WalkCrouchingForward.fbx using Guid(8d9ce1fb4e81a9c45b6eff4ec0a975e2) Importer(815301076,1909f56bfc062723c751e8b465ee728b)  -> (artifact id: '00d771c83e8c078d98e5c8088131b534') in 0.015665 seconds 
========================================================================
Received Import Request.
  Time since last request: 0.000028 seconds.
  path: Assets/3RD_SOFTWARE/TopDownEngine/Demos/Colonel/Animations/Run/FBI@RunBackwardRight.fbx
  artifactKey: Guid(4d8c2a981ecf7ce4aa85cd739960bd38) Importer(815301076,1909f56bfc062723c751e8b465ee728b)
Start importing Assets/3RD_SOFTWARE/TopDownEngine/Demos/Colonel/Animations/Run/FBI@RunBackwardRight.fbx using Guid(4d8c2a981ecf7ce4aa85cd739960bd38) Importer(815301076,1909f56bfc062723c751e8b465ee728b)  -> (artifact id: 'b5f4732f54c1027cb94e1a8757726247') in 0.014532 seconds 
========================================================================
Received Import Request.
  Time since last request: 0.000028 seconds.
  path: Assets/3RD_SOFTWARE/TopDownEngine/Demos/Colonel/Animations/WalkCrouching/FBI@WalkCrouchingLeft.fbx
  artifactKey: Guid(7cc26ec8e1f6cde43addc1a5004a27e7) Importer(815301076,1909f56bfc062723c751e8b465ee728b)
Start importing Assets/3RD_SOFTWARE/TopDownEngine/Demos/Colonel/Animations/WalkCrouching/FBI@WalkCrouchingLeft.fbx using Guid(7cc26ec8e1f6cde43addc1a5004a27e7) Importer(815301076,1909f56bfc062723c751e8b465ee728b)  -> (artifact id: 'a6b6774b0d46382c8e04ed67c244b6b4') in 0.016998 seconds 
========================================================================
Received Import Request.
  Time since last request: 0.000041 seconds.
  path: Assets/3RD_SOFTWARE/TopDownEngine/Demos/Colonel/Animations/Various/FBI@Stunned.fbx
  artifactKey: Guid(c4ca2a03e467b1d45bb47e9f0f344732) Importer(815301076,1909f56bfc062723c751e8b465ee728b)
Start importing Assets/3RD_SOFTWARE/TopDownEngine/Demos/Colonel/Animations/Various/FBI@Stunned.fbx using Guid(c4ca2a03e467b1d45bb47e9f0f344732) Importer(815301076,1909f56bfc062723c751e8b465ee728b)  -> (artifact id: '804231598825d0d409f2a448d95e657d') in 0.016767 seconds 
========================================================================
Received Import Request.
  Time since last request: 0.000031 seconds.
  path: Assets/3RD_SOFTWARE/TopDownEngine/Demos/Colonel/Animations/WalkCrouching/FBI@WalkCrouchingForwardLeft.fbx
  artifactKey: Guid(0d724d1a734e56940a7e95a8dddf5b2f) Importer(815301076,1909f56bfc062723c751e8b465ee728b)
Start importing Assets/3RD_SOFTWARE/TopDownEngine/Demos/Colonel/Animations/WalkCrouching/FBI@WalkCrouchingForwardLeft.fbx using Guid(0d724d1a734e56940a7e95a8dddf5b2f) Importer(815301076,1909f56bfc062723c751e8b465ee728b)  -> (artifact id: '44d1ae9f955804cd4e55aa1159f2843e') in 0.012700 seconds 
========================================================================
Received Prepare
Registering precompiled user dll's ...
Registered in 0.009079 seconds.
Begin MonoManager ReloadAssembly
Symbol file LoadedFromMemory doesn't match image C:\HyperCasual\MagnitBoyRunner\Library\PackageCache\com.unity.visualscripting@1.7.6\Editor\VisualScripting.Core\Dependencies\YamlDotNet\Unity.VisualScripting.YamlDotNet.dll
Symbol file LoadedFromMemory doesn't match image C:\HyperCasual\MagnitBoyRunner\Library\PackageCache\com.unity.visualscripting@1.7.6\Editor\VisualScripting.Core\Dependencies\DotNetZip\Unity.VisualScripting.IonicZip.dll
Native extension for WindowsStandalone target not found
Native extension for WebGL target not found
Refreshing native plugins compatible for Editor in 3.56 ms, found 4 plugins.
Preloading 0 native plugins for Editor in 0.00 ms.
Mono: successfully reloaded assembly
- Completed reload, in  1.663 seconds
Domain Reload Profiling:
	ReloadAssembly (1664ms)
		BeginReloadAssembly (174ms)
			ExecutionOrderSort (0ms)
			DisableScriptedObjects (8ms)
			BackupInstance (0ms)
			ReleaseScriptingObjects (0ms)
			CreateAndSetChildDomain (56ms)
		EndReloadAssembly (1376ms)
			LoadAssemblies (127ms)
			RebuildTransferFunctionScriptingTraits (0ms)
			SetupTypeCache (346ms)
			ReleaseScriptCaches (3ms)
			RebuildScriptCaches (72ms)
			SetupLoadedEditorAssemblies (779ms)
				LogAssemblyErrors (0ms)
				InitializePlatformSupportModulesInManaged (14ms)
				SetLoadedEditorAssemblies (1ms)
				RefreshPlugins (4ms)
				BeforeProcessingInitializeOnLoad (143ms)
				ProcessInitializeOnLoadAttributes (528ms)
				ProcessInitializeOnLoadMethodAttributes (79ms)
				AfterProcessingInitializeOnLoad (10ms)
				EditorAssembliesLoaded (0ms)
			ExecutionOrderSort2 (0ms)
			AwakeInstancesAfterBackupRestoration (12ms)
Platform modules already initialized, skipping
Shader 'MoreMountains/MMRipple': fallback shader 'Particle/AlphaBlended' not found
Refreshing native plugins compatible for Editor in 2.47 ms, found 4 plugins.
Preloading 0 native plugins for Editor in 0.00 ms.
Unloading 6575 Unused Serialized files (Serialized files now loaded: 0)
Unloading 53 unused Assets / (2.9 MB). Loaded Objects now: 7554.
Memory consumption went from 439.4 MB to 436.5 MB.
Total: 6.857200 ms (FindLiveObjects: 0.841900 ms CreateObjectMapping: 0.189500 ms MarkObjects: 3.999700 ms  DeleteObjects: 1.823700 ms)

AssetImportParameters requested are different than current active one (requested -> active):
  custom:video-decoder-ogg-theora: a1e56fd34408186e4bbccfd4996cb3dc -> 
  custom:container-muxer-webm: aa71ff27fc2769a1b78a27578f13a17b -> 
  custom:container-demuxer-webm: 4f35f7cbe854078d1ac9338744f61a02 -> 
  custom:video-encoder-webm-vp8: eb34c28f22e8b96e1ab97ce403110664 -> 
  custom:audio-encoder-webm-vorbis: bf7c407c2cedff20999df2af8eb42d56 -> 
  custom:framework-win-MediaFoundation: 216162199b28c13a410421893ffa2e32 -> 
  custom:container-demuxer-ogg: 62fdf1f143b41e24485cea50d1cbac27 -> 
  custom:video-decoder-webm-vp8: 9c59270c3fd7afecdb556c50c9e8de78 -> 
  custom:audio-decoder-ogg-vorbis: bf7c407c2cedff20999df2af8eb42d56 -> 
Editor requested this worker to shutdown with reason: Scaling down because of idle timeout
AssetImportWorker is now disconnected from the server
Process exiting
Exiting without the bug reporter. Application will terminate with return code 0